Starting training on: device=cuda


Device: b'Tesla V100-SXM2-16GB'

Training resnet50
Model information: 
	Total number of params: 0.76M
	Total layers 50
Optimizer: SGD (
Parameter Group 0
    dampening: 0
    initial_lr: 0.1
    lr: 0.1
    momentum: 0.9
    nesterov: False
    weight_decay: 0.0001
)
Scheduler: {'milestones': Counter({100: 1, 150: 1, 200: 1, 300: 1}), 'gamma': 0.1, 'base_lrs': [0.1], 'last_epoch': 0, '_step_count': 1, 'verbose': False, '_get_lr_called_within_step': False, '_last_lr': [0.1]}
Epoch 0/349
----------
Files already downloaded and verified
Files already downloaded and verified
Total number of params 755802
Total layers 50
train Loss: 2.5392 Acc: 0.1152
val Loss: 2.2732 Acc: 0.1302
best acc: 0.1302
Best Accuracy Last Updated On Epoch: 0

Epoch 1/349
----------
train Loss: 2.1820 Acc: 0.1516
val Loss: 2.5132 Acc: 0.1961
best acc: 0.1961

Epoch 2/349
----------
train Loss: 1.7874 Acc: 0.2994
val Loss: 1.6919 Acc: 0.3735
best acc: 0.3735

Epoch 3/349
----------
train Loss: 1.5205 Acc: 0.4343
val Loss: 1.7640 Acc: 0.4069
best acc: 0.4069

Epoch 4/349
----------
train Loss: 1.2682 Acc: 0.5398
val Loss: 2.0320 Acc: 0.3954

Epoch 5/349
----------
train Loss: 1.0938 Acc: 0.6062
val Loss: 1.1784 Acc: 0.6070
best acc: 0.6070

Epoch 6/349
----------
train Loss: 0.9432 Acc: 0.6659
val Loss: 1.0049 Acc: 0.6616
best acc: 0.6616

Epoch 7/349
----------
train Loss: 0.8243 Acc: 0.7082
val Loss: 0.8842 Acc: 0.6974
best acc: 0.6974

Epoch 8/349
----------
train Loss: 0.7382 Acc: 0.7402
val Loss: 0.9135 Acc: 0.7024
best acc: 0.7024

Epoch 9/349
----------
train Loss: 0.6662 Acc: 0.7684
val Loss: 0.9575 Acc: 0.6940

Epoch 10/349
----------
train Loss: 0.6232 Acc: 0.7852
val Loss: 0.6554 Acc: 0.7778
best acc: 0.7778
Best Accuracy Last Updated On Epoch: 10

Epoch 11/349
----------
train Loss: 0.5797 Acc: 0.7982
val Loss: 0.6654 Acc: 0.7784
best acc: 0.7784

Epoch 12/349
----------
train Loss: 0.5447 Acc: 0.8084
val Loss: 0.7571 Acc: 0.7657

Epoch 13/349
----------
train Loss: 0.5162 Acc: 0.8201
val Loss: 0.7218 Acc: 0.7625

Epoch 14/349
----------
train Loss: 0.4950 Acc: 0.8272
val Loss: 0.7167 Acc: 0.7736

Epoch 15/349
----------
train Loss: 0.4675 Acc: 0.8382
val Loss: 0.6780 Acc: 0.7856
best acc: 0.7856

Epoch 16/349
----------
train Loss: 0.4481 Acc: 0.8448
val Loss: 0.6352 Acc: 0.7934
best acc: 0.7934

Epoch 17/349
----------
train Loss: 0.4318 Acc: 0.8498
val Loss: 0.9078 Acc: 0.7094

Epoch 18/349
----------
train Loss: 0.4090 Acc: 0.8585
val Loss: 0.6332 Acc: 0.8080
best acc: 0.8080

Epoch 19/349
----------
train Loss: 0.3999 Acc: 0.8610
val Loss: 0.5501 Acc: 0.8203
best acc: 0.8203

Epoch 20/349
----------
train Loss: 0.3878 Acc: 0.8643
val Loss: 0.5818 Acc: 0.8157
Best Accuracy Last Updated On Epoch: 19

Epoch 21/349
----------
train Loss: 0.3710 Acc: 0.8710
val Loss: 0.6032 Acc: 0.8186

Epoch 22/349
----------
train Loss: 0.3568 Acc: 0.8755
val Loss: 0.5086 Acc: 0.8319
best acc: 0.8319

Epoch 23/349
----------
train Loss: 0.3449 Acc: 0.8795
val Loss: 0.4961 Acc: 0.8392
best acc: 0.8392

Epoch 24/349
----------
train Loss: 0.3308 Acc: 0.8845
val Loss: 0.4659 Acc: 0.8529
best acc: 0.8529

Epoch 25/349
----------
train Loss: 0.3241 Acc: 0.8874
val Loss: 0.4966 Acc: 0.8398

Epoch 26/349
----------
train Loss: 0.3172 Acc: 0.8902
val Loss: 0.5056 Acc: 0.8418

Epoch 27/349
----------
train Loss: 0.3052 Acc: 0.8935
val Loss: 0.6353 Acc: 0.8094

Epoch 28/349
----------
train Loss: 0.3012 Acc: 0.8953
val Loss: 0.5631 Acc: 0.8238

Epoch 29/349
----------
train Loss: 0.2914 Acc: 0.8993
val Loss: 0.5140 Acc: 0.8399

Epoch 30/349
----------
train Loss: 0.2828 Acc: 0.9019
val Loss: 0.5039 Acc: 0.8369
Best Accuracy Last Updated On Epoch: 24

Epoch 31/349
----------
train Loss: 0.2776 Acc: 0.9033
val Loss: 0.5497 Acc: 0.8439

Epoch 32/349
----------
train Loss: 0.2745 Acc: 0.9040
val Loss: 0.5067 Acc: 0.8489

Epoch 33/349
----------
train Loss: 0.2606 Acc: 0.9082
val Loss: 0.4949 Acc: 0.8495

Epoch 34/349
----------
train Loss: 0.2591 Acc: 0.9086
val Loss: 0.5120 Acc: 0.8446

Epoch 35/349
----------
train Loss: 0.2564 Acc: 0.9104
val Loss: 0.7216 Acc: 0.7884

Epoch 36/349
----------
train Loss: 0.2516 Acc: 0.9127
val Loss: 0.6946 Acc: 0.8040

Epoch 37/349
----------
train Loss: 0.2463 Acc: 0.9132
val Loss: 0.5123 Acc: 0.8456

Epoch 38/349
----------
train Loss: 0.2347 Acc: 0.9185
val Loss: 0.5688 Acc: 0.8358

Epoch 39/349
----------
train Loss: 0.2379 Acc: 0.9167
val Loss: 0.4870 Acc: 0.8438

Epoch 40/349
----------
train Loss: 0.2277 Acc: 0.9198
val Loss: 0.4806 Acc: 0.8542
best acc: 0.8542
Best Accuracy Last Updated On Epoch: 40

Epoch 41/349
----------
train Loss: 0.2249 Acc: 0.9224
val Loss: 0.4743 Acc: 0.8595
best acc: 0.8595

Epoch 42/349
----------
train Loss: 0.2220 Acc: 0.9215
val Loss: 0.6586 Acc: 0.8211

Epoch 43/349
----------
train Loss: 0.2200 Acc: 0.9233
val Loss: 0.4834 Acc: 0.8581

Epoch 44/349
----------
train Loss: 0.2126 Acc: 0.9255
val Loss: 0.6470 Acc: 0.8315

Epoch 45/349
----------
train Loss: 0.2076 Acc: 0.9258
val Loss: 0.5791 Acc: 0.8399

Epoch 46/349
----------
train Loss: 0.2076 Acc: 0.9266
val Loss: 0.5075 Acc: 0.8498

Epoch 47/349
----------
train Loss: 0.2090 Acc: 0.9258
val Loss: 0.6053 Acc: 0.8392

Epoch 48/349
----------
train Loss: 0.2023 Acc: 0.9286
val Loss: 0.4907 Acc: 0.8556

Epoch 49/349
----------
train Loss: 0.2006 Acc: 0.9283
val Loss: 0.6169 Acc: 0.8321

Epoch 50/349
----------
train Loss: 0.1958 Acc: 0.9306
val Loss: 0.4999 Acc: 0.8549
Best Accuracy Last Updated On Epoch: 41

Epoch 51/349
----------
train Loss: 0.1943 Acc: 0.9317
val Loss: 0.5727 Acc: 0.8367

Epoch 52/349
----------
train Loss: 0.1960 Acc: 0.9311
val Loss: 0.5547 Acc: 0.8401

Epoch 53/349
----------
train Loss: 0.1887 Acc: 0.9326
val Loss: 0.5507 Acc: 0.8434

Epoch 54/349
----------
train Loss: 0.1896 Acc: 0.9322
val Loss: 0.4458 Acc: 0.8670
best acc: 0.8670

Epoch 55/349
----------
train Loss: 0.1813 Acc: 0.9348
val Loss: 0.5308 Acc: 0.8477

Epoch 56/349
----------
train Loss: 0.1780 Acc: 0.9368
val Loss: 0.5113 Acc: 0.8495

Epoch 57/349
----------
train Loss: 0.1759 Acc: 0.9379
val Loss: 0.5107 Acc: 0.8567

Epoch 58/349
----------
train Loss: 0.1819 Acc: 0.9359
val Loss: 0.4718 Acc: 0.8585

Epoch 59/349
----------
train Loss: 0.1749 Acc: 0.9384
val Loss: 0.5943 Acc: 0.8442

Epoch 60/349
----------
train Loss: 0.1694 Acc: 0.9402
val Loss: 0.4763 Acc: 0.8657
Best Accuracy Last Updated On Epoch: 54

Epoch 61/349
----------
train Loss: 0.1740 Acc: 0.9387
val Loss: 0.5109 Acc: 0.8555

Epoch 62/349
----------
train Loss: 0.1774 Acc: 0.9379
val Loss: 0.5084 Acc: 0.8552

Epoch 63/349
----------
train Loss: 0.1635 Acc: 0.9421
val Loss: 0.4978 Acc: 0.8538

Epoch 64/349
----------
train Loss: 0.1659 Acc: 0.9411
val Loss: 0.5402 Acc: 0.8503

Epoch 65/349
----------
train Loss: 0.1614 Acc: 0.9433
val Loss: 0.5579 Acc: 0.8453

Epoch 66/349
----------
train Loss: 0.1668 Acc: 0.9411
val Loss: 0.5529 Acc: 0.8481

Epoch 67/349
----------
train Loss: 0.1589 Acc: 0.9447
val Loss: 0.5236 Acc: 0.8613

Epoch 68/349
----------
train Loss: 0.1719 Acc: 0.9387
val Loss: 0.4604 Acc: 0.8690
best acc: 0.8690

Epoch 69/349
----------
train Loss: 0.1576 Acc: 0.9448
val Loss: 0.5436 Acc: 0.8520

Epoch 70/349
----------
train Loss: 0.1546 Acc: 0.9463
val Loss: 0.4832 Acc: 0.8625
Best Accuracy Last Updated On Epoch: 68

Epoch 71/349
----------
train Loss: 0.1527 Acc: 0.9459
val Loss: 0.5176 Acc: 0.8633

Epoch 72/349
----------
train Loss: 0.1544 Acc: 0.9443
val Loss: 0.5349 Acc: 0.8529

Epoch 73/349
----------
train Loss: 0.1508 Acc: 0.9462
val Loss: 0.4927 Acc: 0.8642

Epoch 74/349
----------
train Loss: 0.1533 Acc: 0.9449
val Loss: 0.4969 Acc: 0.8624

Epoch 75/349
----------
train Loss: 0.1498 Acc: 0.9481
val Loss: 0.5454 Acc: 0.8542

Epoch 76/349
----------
train Loss: 0.1461 Acc: 0.9484
val Loss: 0.5233 Acc: 0.8576

Epoch 77/349
----------
train Loss: 0.1435 Acc: 0.9490
val Loss: 0.4683 Acc: 0.8659

Epoch 78/349
----------
train Loss: 0.1439 Acc: 0.9490
val Loss: 0.4696 Acc: 0.8664

Epoch 79/349
----------
train Loss: 0.1438 Acc: 0.9490
val Loss: 0.4782 Acc: 0.8652

Epoch 80/349
----------
train Loss: 0.1499 Acc: 0.9473
val Loss: 0.5149 Acc: 0.8564
Best Accuracy Last Updated On Epoch: 68

Epoch 81/349
----------
train Loss: 0.1384 Acc: 0.9514
val Loss: 0.7240 Acc: 0.8237

Epoch 82/349
----------
train Loss: 0.1459 Acc: 0.9494
val Loss: 0.5523 Acc: 0.8593

Epoch 83/349
----------
train Loss: 0.1432 Acc: 0.9497
val Loss: 0.4880 Acc: 0.8696
best acc: 0.8696

Epoch 84/349
----------
train Loss: 0.1418 Acc: 0.9503
val Loss: 0.5544 Acc: 0.8583

Epoch 85/349
----------
train Loss: 0.1432 Acc: 0.9491
val Loss: 0.5564 Acc: 0.8547

Epoch 86/349
----------
train Loss: 0.1421 Acc: 0.9502
val Loss: 0.5250 Acc: 0.8537

Epoch 87/349
----------
train Loss: 0.1399 Acc: 0.9502
val Loss: 0.6811 Acc: 0.8284

Epoch 88/349
----------
train Loss: 0.1359 Acc: 0.9511
val Loss: 0.6354 Acc: 0.8436

Epoch 89/349
----------
train Loss: 0.1341 Acc: 0.9517
val Loss: 0.5994 Acc: 0.8634

Epoch 90/349
----------
train Loss: 0.1394 Acc: 0.9509
val Loss: 0.4869 Acc: 0.8642
Best Accuracy Last Updated On Epoch: 83

Epoch 91/349
----------
train Loss: 0.1363 Acc: 0.9519
val Loss: 0.5450 Acc: 0.8519

Epoch 92/349
----------
train Loss: 0.1326 Acc: 0.9523
val Loss: 0.5208 Acc: 0.8636

Epoch 93/349
----------
train Loss: 0.1385 Acc: 0.9510
val Loss: 0.4571 Acc: 0.8733
best acc: 0.8733

Epoch 94/349
----------
train Loss: 0.1365 Acc: 0.9515
val Loss: 0.4951 Acc: 0.8694

Epoch 95/349
----------
train Loss: 0.1324 Acc: 0.9537
val Loss: 0.4582 Acc: 0.8729

Epoch 96/349
----------
train Loss: 0.1403 Acc: 0.9510
val Loss: 0.4355 Acc: 0.8711

Epoch 97/349
----------
train Loss: 0.1262 Acc: 0.9552
val Loss: 0.6197 Acc: 0.8430

Epoch 98/349
----------
train Loss: 0.1260 Acc: 0.9544
val Loss: 0.5326 Acc: 0.8546

Epoch 99/349
----------
train Loss: 0.1314 Acc: 0.9532
val Loss: 0.5359 Acc: 0.8585

Epoch 100/349
----------
train Loss: 0.0695 Acc: 0.9773
val Loss: 0.3420 Acc: 0.9017
best acc: 0.9017
Best Accuracy Last Updated On Epoch: 100

Epoch 101/349
----------
train Loss: 0.0487 Acc: 0.9847
val Loss: 0.3406 Acc: 0.9047
best acc: 0.9047

Epoch 102/349
----------
train Loss: 0.0391 Acc: 0.9884
val Loss: 0.3473 Acc: 0.9052
best acc: 0.9052

Epoch 103/349
----------
train Loss: 0.0349 Acc: 0.9902
val Loss: 0.3497 Acc: 0.9064
best acc: 0.9064

Epoch 104/349
----------
train Loss: 0.0310 Acc: 0.9911
val Loss: 0.3564 Acc: 0.9064

Epoch 105/349
----------
train Loss: 0.0297 Acc: 0.9915
val Loss: 0.3592 Acc: 0.9067
best acc: 0.9067

Epoch 106/349
----------
train Loss: 0.0281 Acc: 0.9917
val Loss: 0.3605 Acc: 0.9072
best acc: 0.9072

Epoch 107/349
----------
train Loss: 0.0264 Acc: 0.9924
val Loss: 0.3637 Acc: 0.9071

Epoch 108/349
----------
train Loss: 0.0234 Acc: 0.9937
val Loss: 0.3665 Acc: 0.9077
best acc: 0.9077

Epoch 109/349
----------
train Loss: 0.0216 Acc: 0.9940
val Loss: 0.3694 Acc: 0.9072

Epoch 110/349
----------
train Loss: 0.0213 Acc: 0.9942
val Loss: 0.3695 Acc: 0.9085
best acc: 0.9085
Best Accuracy Last Updated On Epoch: 110

Epoch 111/349
----------
train Loss: 0.0205 Acc: 0.9940
val Loss: 0.3764 Acc: 0.9085

Epoch 112/349
----------
train Loss: 0.0208 Acc: 0.9949
val Loss: 0.3756 Acc: 0.9094
best acc: 0.9094

Epoch 113/349
----------
train Loss: 0.0180 Acc: 0.9954
val Loss: 0.3774 Acc: 0.9112
best acc: 0.9112

Epoch 114/349
----------
train Loss: 0.0168 Acc: 0.9958
val Loss: 0.3788 Acc: 0.9090

Epoch 115/349
----------
train Loss: 0.0161 Acc: 0.9958
val Loss: 0.3803 Acc: 0.9090

Epoch 116/349
----------
train Loss: 0.0163 Acc: 0.9957
val Loss: 0.3818 Acc: 0.9094

Epoch 117/349
----------
train Loss: 0.0163 Acc: 0.9957
val Loss: 0.3885 Acc: 0.9110

Epoch 118/349
----------
train Loss: 0.0150 Acc: 0.9961
val Loss: 0.3896 Acc: 0.9094

Epoch 119/349
----------
train Loss: 0.0149 Acc: 0.9957
val Loss: 0.3919 Acc: 0.9103

Epoch 120/349
----------
train Loss: 0.0136 Acc: 0.9968
val Loss: 0.3856 Acc: 0.9109
Best Accuracy Last Updated On Epoch: 113

Epoch 121/349
----------
train Loss: 0.0130 Acc: 0.9970
val Loss: 0.3872 Acc: 0.9113
best acc: 0.9113

Epoch 122/349
----------
train Loss: 0.0120 Acc: 0.9973
val Loss: 0.3900 Acc: 0.9106

Epoch 123/349
----------
train Loss: 0.0131 Acc: 0.9966
val Loss: 0.3955 Acc: 0.9098

Epoch 124/349
----------
train Loss: 0.0126 Acc: 0.9968
val Loss: 0.4021 Acc: 0.9115
best acc: 0.9115

Epoch 125/349
----------
train Loss: 0.0125 Acc: 0.9967
val Loss: 0.3944 Acc: 0.9110

Epoch 126/349
----------
train Loss: 0.0111 Acc: 0.9974
val Loss: 0.3935 Acc: 0.9098

Epoch 127/349
----------
train Loss: 0.0109 Acc: 0.9974
val Loss: 0.3975 Acc: 0.9099

Epoch 128/349
----------
train Loss: 0.0111 Acc: 0.9975
val Loss: 0.4025 Acc: 0.9103

Epoch 129/349
----------
train Loss: 0.0107 Acc: 0.9976
val Loss: 0.3991 Acc: 0.9116
best acc: 0.9116

Epoch 130/349
----------
train Loss: 0.0097 Acc: 0.9976
val Loss: 0.4016 Acc: 0.9098
Best Accuracy Last Updated On Epoch: 129

Epoch 131/349
----------
train Loss: 0.0107 Acc: 0.9972
val Loss: 0.4002 Acc: 0.9106

Epoch 132/349
----------
train Loss: 0.0098 Acc: 0.9977
val Loss: 0.4071 Acc: 0.9105

Epoch 133/349
----------
train Loss: 0.0100 Acc: 0.9976
val Loss: 0.4127 Acc: 0.9091

Epoch 134/349
----------
train Loss: 0.0095 Acc: 0.9977
val Loss: 0.4132 Acc: 0.9082

Epoch 135/349
----------
train Loss: 0.0093 Acc: 0.9976
val Loss: 0.4126 Acc: 0.9079

Epoch 136/349
----------
train Loss: 0.0092 Acc: 0.9977
val Loss: 0.4195 Acc: 0.9080

Epoch 137/349
----------
train Loss: 0.0095 Acc: 0.9977
val Loss: 0.4143 Acc: 0.9102

Epoch 138/349
----------
train Loss: 0.0089 Acc: 0.9978
val Loss: 0.4153 Acc: 0.9068

Epoch 139/349
----------
train Loss: 0.0083 Acc: 0.9980
val Loss: 0.4108 Acc: 0.9104

Epoch 140/349
----------
train Loss: 0.0091 Acc: 0.9979
val Loss: 0.4088 Acc: 0.9108
Best Accuracy Last Updated On Epoch: 129

Epoch 141/349
----------
train Loss: 0.0082 Acc: 0.9979
val Loss: 0.4116 Acc: 0.9092

Epoch 142/349
----------
train Loss: 0.0082 Acc: 0.9981
val Loss: 0.4093 Acc: 0.9101

Epoch 143/349
----------
train Loss: 0.0079 Acc: 0.9981
val Loss: 0.4131 Acc: 0.9086

Epoch 144/349
----------
train Loss: 0.0084 Acc: 0.9981
val Loss: 0.4157 Acc: 0.9082

Epoch 145/349
----------
train Loss: 0.0076 Acc: 0.9985
val Loss: 0.4209 Acc: 0.9085

Epoch 146/349
----------
train Loss: 0.0074 Acc: 0.9984
val Loss: 0.4240 Acc: 0.9095

Epoch 147/349
----------
train Loss: 0.0068 Acc: 0.9986
val Loss: 0.4198 Acc: 0.9096

Epoch 148/349
----------
train Loss: 0.0069 Acc: 0.9987
val Loss: 0.4267 Acc: 0.9085

Epoch 149/349
----------
train Loss: 0.0071 Acc: 0.9984
val Loss: 0.4244 Acc: 0.9092

Epoch 150/349
----------
train Loss: 0.0067 Acc: 0.9985
val Loss: 0.4248 Acc: 0.9093
Best Accuracy Last Updated On Epoch: 129

Epoch 151/349
----------
train Loss: 0.0059 Acc: 0.9990
val Loss: 0.4254 Acc: 0.9076

Epoch 152/349
----------
train Loss: 0.0059 Acc: 0.9989
val Loss: 0.4204 Acc: 0.9089

Epoch 153/349
----------
train Loss: 0.0064 Acc: 0.9986
val Loss: 0.4234 Acc: 0.9088

Epoch 154/349
----------
train Loss: 0.0062 Acc: 0.9988
val Loss: 0.4265 Acc: 0.9085

Epoch 155/349
----------
train Loss: 0.0063 Acc: 0.9986
val Loss: 0.4234 Acc: 0.9090

Epoch 156/349
----------
train Loss: 0.0057 Acc: 0.9988
val Loss: 0.4222 Acc: 0.9091

Epoch 157/349
----------
train Loss: 0.0060 Acc: 0.9990
val Loss: 0.4228 Acc: 0.9080

Epoch 158/349
----------
train Loss: 0.0060 Acc: 0.9990
val Loss: 0.4240 Acc: 0.9087

Epoch 159/349
----------
train Loss: 0.0058 Acc: 0.9988
val Loss: 0.4223 Acc: 0.9081

Epoch 160/349
----------
train Loss: 0.0056 Acc: 0.9992
val Loss: 0.4209 Acc: 0.9097
Best Accuracy Last Updated On Epoch: 129

Epoch 161/349
----------
train Loss: 0.0058 Acc: 0.9989
val Loss: 0.4203 Acc: 0.9090

Epoch 162/349
----------
train Loss: 0.0058 Acc: 0.9989
val Loss: 0.4208 Acc: 0.9089

Epoch 163/349
----------
train Loss: 0.0059 Acc: 0.9989
val Loss: 0.4200 Acc: 0.9093

Epoch 164/349
----------
train Loss: 0.0060 Acc: 0.9988
val Loss: 0.4220 Acc: 0.9092

Epoch 165/349
----------
train Loss: 0.0054 Acc: 0.9990
val Loss: 0.4231 Acc: 0.9090

Epoch 166/349
----------
train Loss: 0.0058 Acc: 0.9989
val Loss: 0.4203 Acc: 0.9086

Epoch 167/349
----------
train Loss: 0.0051 Acc: 0.9993
val Loss: 0.4241 Acc: 0.9092

Epoch 168/349
----------
train Loss: 0.0053 Acc: 0.9991
val Loss: 0.4222 Acc: 0.9089

Epoch 169/349
----------
train Loss: 0.0055 Acc: 0.9991
val Loss: 0.4200 Acc: 0.9082

Epoch 170/349
----------
train Loss: 0.0058 Acc: 0.9989
val Loss: 0.4232 Acc: 0.9085
Best Accuracy Last Updated On Epoch: 129

Epoch 171/349
----------
train Loss: 0.0051 Acc: 0.9992
val Loss: 0.4256 Acc: 0.9085

Epoch 172/349
----------
train Loss: 0.0057 Acc: 0.9990
val Loss: 0.4251 Acc: 0.9084

Epoch 173/349
----------
train Loss: 0.0055 Acc: 0.9990
val Loss: 0.4242 Acc: 0.9085

Epoch 174/349
----------
train Loss: 0.0055 Acc: 0.9988
val Loss: 0.4210 Acc: 0.9090

Epoch 175/349
----------
train Loss: 0.0052 Acc: 0.9991
val Loss: 0.4222 Acc: 0.9089

Epoch 176/349
----------
train Loss: 0.0054 Acc: 0.9990
val Loss: 0.4202 Acc: 0.9088

Epoch 177/349
----------
train Loss: 0.0054 Acc: 0.9991
val Loss: 0.4213 Acc: 0.9080

Epoch 178/349
----------
train Loss: 0.0051 Acc: 0.9993
val Loss: 0.4207 Acc: 0.9092

Epoch 179/349
----------
train Loss: 0.0057 Acc: 0.9987
val Loss: 0.4224 Acc: 0.9091

Epoch 180/349
----------
train Loss: 0.0054 Acc: 0.9990
val Loss: 0.4248 Acc: 0.9084
Best Accuracy Last Updated On Epoch: 129

Epoch 181/349
----------
train Loss: 0.0057 Acc: 0.9990
val Loss: 0.4216 Acc: 0.9095

Epoch 182/349
----------
train Loss: 0.0052 Acc: 0.9991
val Loss: 0.4193 Acc: 0.9082

Epoch 183/349
----------
train Loss: 0.0054 Acc: 0.9990
val Loss: 0.4217 Acc: 0.9096

Epoch 184/349
----------
train Loss: 0.0051 Acc: 0.9992
val Loss: 0.4224 Acc: 0.9095

Epoch 185/349
----------
train Loss: 0.0054 Acc: 0.9992
val Loss: 0.4225 Acc: 0.9097

Epoch 186/349
----------
train Loss: 0.0053 Acc: 0.9990
val Loss: 0.4228 Acc: 0.9081

Epoch 187/349
----------
train Loss: 0.0049 Acc: 0.9992
val Loss: 0.4219 Acc: 0.9085

Epoch 188/349
----------
train Loss: 0.0057 Acc: 0.9990
val Loss: 0.4229 Acc: 0.9101

Epoch 189/349
----------
train Loss: 0.0052 Acc: 0.9991
val Loss: 0.4234 Acc: 0.9084

Epoch 190/349
----------
train Loss: 0.0051 Acc: 0.9993
val Loss: 0.4252 Acc: 0.9088
Best Accuracy Last Updated On Epoch: 129

Epoch 191/349
----------
train Loss: 0.0054 Acc: 0.9990
val Loss: 0.4213 Acc: 0.9107

Epoch 192/349
----------
train Loss: 0.0054 Acc: 0.9990
val Loss: 0.4218 Acc: 0.9093

Epoch 193/349
----------
train Loss: 0.0049 Acc: 0.9991
val Loss: 0.4195 Acc: 0.9085

Epoch 194/349
----------
train Loss: 0.0048 Acc: 0.9993
val Loss: 0.4205 Acc: 0.9096

Epoch 195/349
----------
train Loss: 0.0051 Acc: 0.9991
val Loss: 0.4216 Acc: 0.9107

Epoch 196/349
----------
train Loss: 0.0050 Acc: 0.9992
val Loss: 0.4224 Acc: 0.9095

Epoch 197/349
----------
train Loss: 0.0054 Acc: 0.9990
val Loss: 0.4192 Acc: 0.9093

Epoch 198/349
----------
train Loss: 0.0049 Acc: 0.9992
val Loss: 0.4223 Acc: 0.9113

Epoch 199/349
----------
train Loss: 0.0051 Acc: 0.9990
val Loss: 0.4220 Acc: 0.9101

Epoch 200/349
----------
train Loss: 0.0048 Acc: 0.9994
val Loss: 0.4194 Acc: 0.9093
Best Accuracy Last Updated On Epoch: 129

Epoch 201/349
----------
train Loss: 0.0055 Acc: 0.9989
val Loss: 0.4242 Acc: 0.9092

Epoch 202/349
----------
train Loss: 0.0050 Acc: 0.9992
val Loss: 0.4209 Acc: 0.9095

Epoch 203/349
----------
train Loss: 0.0051 Acc: 0.9990
val Loss: 0.4192 Acc: 0.9092

Epoch 204/349
----------
train Loss: 0.0047 Acc: 0.9993
val Loss: 0.4219 Acc: 0.9094

Epoch 205/349
----------
train Loss: 0.0049 Acc: 0.9992
val Loss: 0.4224 Acc: 0.9093

Epoch 206/349
----------
train Loss: 0.0050 Acc: 0.9991
val Loss: 0.4226 Acc: 0.9088

Epoch 207/349
----------
train Loss: 0.0052 Acc: 0.9992
val Loss: 0.4220 Acc: 0.9092

Epoch 208/349
----------
train Loss: 0.0050 Acc: 0.9992
val Loss: 0.4211 Acc: 0.9101

Epoch 209/349
----------
train Loss: 0.0050 Acc: 0.9991
val Loss: 0.4225 Acc: 0.9104

Epoch 210/349
----------
train Loss: 0.0050 Acc: 0.9992
val Loss: 0.4233 Acc: 0.9094
Best Accuracy Last Updated On Epoch: 129

Epoch 211/349
----------
train Loss: 0.0047 Acc: 0.9993
val Loss: 0.4192 Acc: 0.9103

Epoch 212/349
----------
train Loss: 0.0050 Acc: 0.9992
val Loss: 0.4237 Acc: 0.9096

Epoch 213/349
----------
train Loss: 0.0047 Acc: 0.9991
val Loss: 0.4236 Acc: 0.9096

Epoch 214/349
----------
train Loss: 0.0047 Acc: 0.9993
val Loss: 0.4223 Acc: 0.9098

Epoch 215/349
----------
train Loss: 0.0050 Acc: 0.9992
val Loss: 0.4215 Acc: 0.9106

Epoch 216/349
----------
train Loss: 0.0050 Acc: 0.9992
val Loss: 0.4215 Acc: 0.9086

Epoch 217/349
----------
train Loss: 0.0049 Acc: 0.9991
val Loss: 0.4223 Acc: 0.9088

Epoch 218/349
----------
train Loss: 0.0052 Acc: 0.9989
val Loss: 0.4238 Acc: 0.9090

Epoch 219/349
----------
train Loss: 0.0052 Acc: 0.9991
val Loss: 0.4216 Acc: 0.9095

Epoch 220/349
----------
train Loss: 0.0049 Acc: 0.9991
val Loss: 0.4220 Acc: 0.9104
Best Accuracy Last Updated On Epoch: 129

Epoch 221/349
----------
train Loss: 0.0053 Acc: 0.9991
val Loss: 0.4205 Acc: 0.9099

Epoch 222/349
----------
train Loss: 0.0048 Acc: 0.9993
val Loss: 0.4200 Acc: 0.9095

Epoch 223/349
----------
train Loss: 0.0048 Acc: 0.9992
val Loss: 0.4225 Acc: 0.9100

Epoch 224/349
----------
train Loss: 0.0050 Acc: 0.9991
val Loss: 0.4216 Acc: 0.9103

Epoch 225/349
----------
train Loss: 0.0048 Acc: 0.9992
val Loss: 0.4215 Acc: 0.9097

Epoch 226/349
----------
train Loss: 0.0051 Acc: 0.9992
val Loss: 0.4221 Acc: 0.9095

Epoch 227/349
----------
train Loss: 0.0050 Acc: 0.9992
val Loss: 0.4239 Acc: 0.9102

Epoch 228/349
----------
train Loss: 0.0054 Acc: 0.9988
val Loss: 0.4229 Acc: 0.9096

Epoch 229/349
----------
train Loss: 0.0046 Acc: 0.9994
val Loss: 0.4261 Acc: 0.9086

Epoch 230/349
----------
train Loss: 0.0052 Acc: 0.9990
val Loss: 0.4243 Acc: 0.9099
Best Accuracy Last Updated On Epoch: 129
Terminating training because accuracy has not improved in 100 epochs
Training complete in 53m 5s
Best val Acc: 0.911600
The TTA is: 53m 3s or a total of 3182.9796986579895 seconds
	 TTA was reached in epoch None
