'./problem5/rtx8000/resnet_36393' Directory was created!
Starting training on: device=cuda


Device: b'Quadro RTX 8000'

Training resnet50
Model information: 
	Total number of params: 0.76M
	Total layers 50
Optimizer: SGD (
Parameter Group 0
    dampening: 0
    initial_lr: 0.1
    lr: 0.1
    momentum: 0.9
    nesterov: False
    weight_decay: 0.0001
)
Scheduler: {'milestones': Counter({100: 1, 150: 1, 200: 1, 300: 1}), 'gamma': 0.1, 'base_lrs': [0.1], 'last_epoch': 0, '_step_count': 1, 'verbose': False, '_get_lr_called_within_step': False, '_last_lr': [0.1]}
Epoch 0/349
----------
Files already downloaded and verified
Files already downloaded and verified
Total number of params 755802
Total layers 50
train Loss: 2.4804 Acc: 0.1115
val Loss: 2.2808 Acc: 0.1280
best acc: 0.1280
Best Accuracy Last Updated On Epoch: 0

Epoch 1/349
----------
train Loss: 1.9580 Acc: 0.2581
val Loss: 1.7604 Acc: 0.3499
best acc: 0.3499

Epoch 2/349
----------
train Loss: 1.4476 Acc: 0.4653
val Loss: 1.2684 Acc: 0.5452
best acc: 0.5452

Epoch 3/349
----------
train Loss: 1.1069 Acc: 0.6021
val Loss: 1.5338 Acc: 0.5394

Epoch 4/349
----------
train Loss: 0.9026 Acc: 0.6830
val Loss: 0.9477 Acc: 0.6812
best acc: 0.6812

Epoch 5/349
----------
train Loss: 0.7716 Acc: 0.7295
val Loss: 1.0555 Acc: 0.6672

Epoch 6/349
----------
train Loss: 0.6834 Acc: 0.7650
val Loss: 0.8185 Acc: 0.7280
best acc: 0.7280

Epoch 7/349
----------
train Loss: 0.6228 Acc: 0.7859
val Loss: 0.8972 Acc: 0.7176

Epoch 8/349
----------
train Loss: 0.5713 Acc: 0.8027
val Loss: 0.5877 Acc: 0.8037
best acc: 0.8037

Epoch 9/349
----------
train Loss: 0.5379 Acc: 0.8140
val Loss: 0.6189 Acc: 0.7942

Epoch 10/349
----------
train Loss: 0.5092 Acc: 0.8241
val Loss: 0.6253 Acc: 0.7947
Best Accuracy Last Updated On Epoch: 8

Epoch 11/349
----------
train Loss: 0.4766 Acc: 0.8345
val Loss: 0.6531 Acc: 0.7803

Epoch 12/349
----------
train Loss: 0.4539 Acc: 0.8432
val Loss: 0.5999 Acc: 0.8022

Epoch 13/349
----------
train Loss: 0.4398 Acc: 0.8478
val Loss: 0.6043 Acc: 0.8026

Epoch 14/349
----------
train Loss: 0.4195 Acc: 0.8553
val Loss: 0.5423 Acc: 0.8242
best acc: 0.8242

Epoch 15/349
----------
train Loss: 0.4108 Acc: 0.8562
val Loss: 0.6056 Acc: 0.8060

Epoch 16/349
----------
train Loss: 0.3865 Acc: 0.8656
val Loss: 0.4804 Acc: 0.8348
best acc: 0.8348

Epoch 17/349
----------
train Loss: 0.3805 Acc: 0.8685
val Loss: 0.5711 Acc: 0.8129

Epoch 18/349
----------
train Loss: 0.3624 Acc: 0.8737
val Loss: 0.5069 Acc: 0.8408
best acc: 0.8408

Epoch 19/349
----------
train Loss: 0.3571 Acc: 0.8759
val Loss: 0.6612 Acc: 0.8004

Epoch 20/349
----------
train Loss: 0.3409 Acc: 0.8814
val Loss: 0.5372 Acc: 0.8246
Best Accuracy Last Updated On Epoch: 18

Epoch 21/349
----------
train Loss: 0.3418 Acc: 0.8807
val Loss: 0.5632 Acc: 0.8230

Epoch 22/349
----------
train Loss: 0.3253 Acc: 0.8887
val Loss: 0.5269 Acc: 0.8350

Epoch 23/349
----------
train Loss: 0.3209 Acc: 0.8877
val Loss: 0.4313 Acc: 0.8618
best acc: 0.8618

Epoch 24/349
----------
train Loss: 0.3132 Acc: 0.8915
val Loss: 0.4877 Acc: 0.8444

Epoch 25/349
----------
train Loss: 0.3036 Acc: 0.8949
val Loss: 0.4629 Acc: 0.8509

Epoch 26/349
----------
train Loss: 0.2993 Acc: 0.8968
val Loss: 0.4388 Acc: 0.8557

Epoch 27/349
----------
train Loss: 0.2916 Acc: 0.8999
val Loss: 0.4622 Acc: 0.8527

Epoch 28/349
----------
train Loss: 0.2902 Acc: 0.9001
val Loss: 0.4693 Acc: 0.8490

Epoch 29/349
----------
train Loss: 0.2835 Acc: 0.9015
val Loss: 0.4842 Acc: 0.8538

Epoch 30/349
----------
train Loss: 0.2840 Acc: 0.9006
val Loss: 0.5860 Acc: 0.8167
Best Accuracy Last Updated On Epoch: 23

Epoch 31/349
----------
train Loss: 0.2753 Acc: 0.9048
val Loss: 0.4972 Acc: 0.8450

Epoch 32/349
----------
train Loss: 0.2690 Acc: 0.9063
val Loss: 0.4825 Acc: 0.8432

Epoch 33/349
----------
train Loss: 0.2662 Acc: 0.9076
val Loss: 0.4268 Acc: 0.8605

Epoch 34/349
----------
train Loss: 0.2629 Acc: 0.9094
val Loss: 0.4787 Acc: 0.8473

Epoch 35/349
----------
train Loss: 0.2570 Acc: 0.9115
val Loss: 0.4745 Acc: 0.8503

Epoch 36/349
----------
train Loss: 0.2594 Acc: 0.9103
val Loss: 0.4807 Acc: 0.8525

Epoch 37/349
----------
train Loss: 0.2511 Acc: 0.9124
val Loss: 0.4937 Acc: 0.8441

Epoch 38/349
----------
train Loss: 0.2465 Acc: 0.9147
val Loss: 0.4332 Acc: 0.8670
best acc: 0.8670

Epoch 39/349
----------
train Loss: 0.2435 Acc: 0.9143
val Loss: 0.4114 Acc: 0.8627

Epoch 40/349
----------
train Loss: 0.2425 Acc: 0.9140
val Loss: 0.4284 Acc: 0.8600
Best Accuracy Last Updated On Epoch: 38

Epoch 41/349
----------
train Loss: 0.2434 Acc: 0.9143
val Loss: 0.3841 Acc: 0.8764
best acc: 0.8764

Epoch 42/349
----------
train Loss: 0.2354 Acc: 0.9177
val Loss: 0.4143 Acc: 0.8654

Epoch 43/349
----------
train Loss: 0.2298 Acc: 0.9196
val Loss: 0.4505 Acc: 0.8552

Epoch 44/349
----------
train Loss: 0.2346 Acc: 0.9188
val Loss: 0.4131 Acc: 0.8684

Epoch 45/349
----------
train Loss: 0.2294 Acc: 0.9205
val Loss: 0.4448 Acc: 0.8634

Epoch 46/349
----------
train Loss: 0.2263 Acc: 0.9208
val Loss: 0.4424 Acc: 0.8605

Epoch 47/349
----------
train Loss: 0.2263 Acc: 0.9225
val Loss: 0.4812 Acc: 0.8504

Epoch 48/349
----------
train Loss: 0.2246 Acc: 0.9218
val Loss: 0.4478 Acc: 0.8576

Epoch 49/349
----------
train Loss: 0.2246 Acc: 0.9218
val Loss: 0.4646 Acc: 0.8602

Epoch 50/349
----------
train Loss: 0.2135 Acc: 0.9260
val Loss: 0.4471 Acc: 0.8612
Best Accuracy Last Updated On Epoch: 41

Epoch 51/349
----------
train Loss: 0.2191 Acc: 0.9233
val Loss: 0.4426 Acc: 0.8645

Epoch 52/349
----------
train Loss: 0.2134 Acc: 0.9256
val Loss: 0.4346 Acc: 0.8705

Epoch 53/349
----------
train Loss: 0.2174 Acc: 0.9236
val Loss: 0.3967 Acc: 0.8729

Epoch 54/349
----------
train Loss: 0.2138 Acc: 0.9247
val Loss: 0.4336 Acc: 0.8626

Epoch 55/349
----------
train Loss: 0.2149 Acc: 0.9242
val Loss: 0.3863 Acc: 0.8805
best acc: 0.8805

Epoch 56/349
----------
train Loss: 0.2100 Acc: 0.9269
val Loss: 0.4269 Acc: 0.8724

Epoch 57/349
----------
train Loss: 0.2058 Acc: 0.9275
val Loss: 0.4700 Acc: 0.8539

Epoch 58/349
----------
train Loss: 0.2085 Acc: 0.9271
val Loss: 0.4013 Acc: 0.8756

Epoch 59/349
----------
train Loss: 0.2012 Acc: 0.9301
val Loss: 0.5058 Acc: 0.8582

Epoch 60/349
----------
train Loss: 0.2028 Acc: 0.9297
val Loss: 0.4273 Acc: 0.8748
Best Accuracy Last Updated On Epoch: 55

Epoch 61/349
----------
train Loss: 0.2098 Acc: 0.9258
val Loss: 0.4354 Acc: 0.8692

Epoch 62/349
----------
train Loss: 0.1988 Acc: 0.9307
val Loss: 0.4613 Acc: 0.8634

Epoch 63/349
----------
train Loss: 0.1995 Acc: 0.9298
val Loss: 0.4184 Acc: 0.8698

Epoch 64/349
----------
train Loss: 0.1965 Acc: 0.9312
val Loss: 0.4413 Acc: 0.8696

Epoch 65/349
----------
train Loss: 0.1980 Acc: 0.9299
val Loss: 0.3889 Acc: 0.8787

Epoch 66/349
----------
train Loss: 0.1913 Acc: 0.9324
val Loss: 0.4406 Acc: 0.8664

Epoch 67/349
----------
train Loss: 0.1981 Acc: 0.9302
val Loss: 0.4611 Acc: 0.8670

Epoch 68/349
----------
train Loss: 0.1949 Acc: 0.9317
val Loss: 0.6594 Acc: 0.8054

Epoch 69/349
----------
train Loss: 0.1943 Acc: 0.9324
val Loss: 0.4613 Acc: 0.8592

Epoch 70/349
----------
train Loss: 0.1931 Acc: 0.9316
val Loss: 0.4614 Acc: 0.8608
Best Accuracy Last Updated On Epoch: 55

Epoch 71/349
----------
train Loss: 0.1971 Acc: 0.9302
val Loss: 0.4838 Acc: 0.8572

Epoch 72/349
----------
train Loss: 0.1873 Acc: 0.9346
val Loss: 0.4057 Acc: 0.8778

Epoch 73/349
----------
train Loss: 0.1819 Acc: 0.9356
val Loss: 0.4484 Acc: 0.8686

Epoch 74/349
----------
train Loss: 0.1855 Acc: 0.9355
val Loss: 0.3897 Acc: 0.8789

Epoch 75/349
----------
train Loss: 0.1852 Acc: 0.9361
val Loss: 0.4674 Acc: 0.8635

Epoch 76/349
----------
train Loss: 0.1884 Acc: 0.9344
val Loss: 0.4379 Acc: 0.8708

Epoch 77/349
----------
train Loss: 0.1866 Acc: 0.9348
val Loss: 0.5707 Acc: 0.8503

Epoch 78/349
----------
train Loss: 0.1884 Acc: 0.9350
val Loss: 0.3960 Acc: 0.8786

Epoch 79/349
----------
train Loss: 0.1880 Acc: 0.9332
val Loss: 0.3992 Acc: 0.8772

Epoch 80/349
----------
train Loss: 0.1836 Acc: 0.9360
val Loss: 0.3691 Acc: 0.8911
best acc: 0.8911
Best Accuracy Last Updated On Epoch: 80

Epoch 81/349
----------
train Loss: 0.1831 Acc: 0.9363
val Loss: 0.4107 Acc: 0.8784

Epoch 82/349
----------
train Loss: 0.1857 Acc: 0.9364
val Loss: 0.3704 Acc: 0.8849

Epoch 83/349
----------
train Loss: 0.1849 Acc: 0.9353
val Loss: 0.4301 Acc: 0.8739

Epoch 84/349
----------
train Loss: 0.1819 Acc: 0.9365
val Loss: 0.4502 Acc: 0.8612

Epoch 85/349
----------
train Loss: 0.1809 Acc: 0.9364
val Loss: 0.5220 Acc: 0.8554

Epoch 86/349
----------
train Loss: 0.1778 Acc: 0.9374
val Loss: 0.5546 Acc: 0.8482

Epoch 87/349
----------
train Loss: 0.1827 Acc: 0.9362
val Loss: 0.5478 Acc: 0.8506

Epoch 88/349
----------
train Loss: 0.1781 Acc: 0.9384
val Loss: 0.4006 Acc: 0.8784

Epoch 89/349
----------
train Loss: 0.1765 Acc: 0.9395
val Loss: 0.4775 Acc: 0.8722

Epoch 90/349
----------
train Loss: 0.1800 Acc: 0.9371
val Loss: 0.5243 Acc: 0.8540
Best Accuracy Last Updated On Epoch: 80

Epoch 91/349
----------
train Loss: 0.1789 Acc: 0.9376
val Loss: 0.5382 Acc: 0.8470

Epoch 92/349
----------
train Loss: 0.1763 Acc: 0.9374
val Loss: 0.4266 Acc: 0.8701

Epoch 93/349
----------
train Loss: 0.1756 Acc: 0.9382
val Loss: 0.4508 Acc: 0.8749

Epoch 94/349
----------
train Loss: 0.1747 Acc: 0.9386
val Loss: 0.4048 Acc: 0.8786

Epoch 95/349
----------
train Loss: 0.1803 Acc: 0.9367
val Loss: 0.7762 Acc: 0.7920

Epoch 96/349
----------
train Loss: 0.1714 Acc: 0.9395
val Loss: 0.4531 Acc: 0.8670

Epoch 97/349
----------
train Loss: 0.1730 Acc: 0.9391
val Loss: 0.3579 Acc: 0.8906

Epoch 98/349
----------
train Loss: 0.1713 Acc: 0.9394
val Loss: 0.4123 Acc: 0.8812

Epoch 99/349
----------
train Loss: 0.1705 Acc: 0.9405
val Loss: 0.4265 Acc: 0.8813

Epoch 100/349
----------
train Loss: 0.0889 Acc: 0.9708
val Loss: 0.2540 Acc: 0.9258
best acc: 0.9258
Best Accuracy Last Updated On Epoch: 100
The Target Accuracy has been reached: 0.9258000000000001. The Total Time until this point is 2126.820498228073

Epoch 101/349
----------
train Loss: 0.0615 Acc: 0.9805
val Loss: 0.2609 Acc: 0.9262
best acc: 0.9262

Epoch 102/349
----------
train Loss: 0.0530 Acc: 0.9823
val Loss: 0.2616 Acc: 0.9279
best acc: 0.9279

Epoch 103/349
----------
train Loss: 0.0465 Acc: 0.9849
val Loss: 0.2691 Acc: 0.9274

Epoch 104/349
----------
train Loss: 0.0408 Acc: 0.9871
val Loss: 0.2667 Acc: 0.9291
best acc: 0.9291

Epoch 105/349
----------
train Loss: 0.0366 Acc: 0.9883
val Loss: 0.2739 Acc: 0.9299
best acc: 0.9299

Epoch 106/349
----------
train Loss: 0.0350 Acc: 0.9890
val Loss: 0.2775 Acc: 0.9293

Epoch 107/349
----------
train Loss: 0.0317 Acc: 0.9901
val Loss: 0.2801 Acc: 0.9303
best acc: 0.9303

Epoch 108/349
----------
train Loss: 0.0293 Acc: 0.9903
val Loss: 0.2878 Acc: 0.9300

Epoch 109/349
----------
train Loss: 0.0277 Acc: 0.9918
val Loss: 0.2887 Acc: 0.9301

Epoch 110/349
----------
train Loss: 0.0266 Acc: 0.9917
val Loss: 0.2959 Acc: 0.9298
Best Accuracy Last Updated On Epoch: 107

Epoch 111/349
----------
train Loss: 0.0243 Acc: 0.9924
val Loss: 0.3013 Acc: 0.9282

Epoch 112/349
----------
train Loss: 0.0239 Acc: 0.9921
val Loss: 0.3012 Acc: 0.9314
best acc: 0.9314

Epoch 113/349
----------
train Loss: 0.0209 Acc: 0.9936
val Loss: 0.3023 Acc: 0.9291

Epoch 114/349
----------
train Loss: 0.0211 Acc: 0.9937
val Loss: 0.3128 Acc: 0.9310

Epoch 115/349
----------
train Loss: 0.0198 Acc: 0.9941
val Loss: 0.3031 Acc: 0.9312

Epoch 116/349
----------
train Loss: 0.0188 Acc: 0.9942
val Loss: 0.3136 Acc: 0.9294

Epoch 117/349
----------
train Loss: 0.0167 Acc: 0.9949
val Loss: 0.3166 Acc: 0.9313

Epoch 118/349
----------
train Loss: 0.0157 Acc: 0.9955
val Loss: 0.3208 Acc: 0.9305

Epoch 119/349
----------
train Loss: 0.0170 Acc: 0.9948
val Loss: 0.3174 Acc: 0.9301

Epoch 120/349
----------
train Loss: 0.0153 Acc: 0.9956
val Loss: 0.3251 Acc: 0.9296
Best Accuracy Last Updated On Epoch: 112

Epoch 121/349
----------
train Loss: 0.0149 Acc: 0.9958
val Loss: 0.3343 Acc: 0.9302

Epoch 122/349
----------
train Loss: 0.0142 Acc: 0.9955
val Loss: 0.3437 Acc: 0.9282

Epoch 123/349
----------
train Loss: 0.0137 Acc: 0.9958
val Loss: 0.3337 Acc: 0.9293

Epoch 124/349
----------
train Loss: 0.0141 Acc: 0.9956
val Loss: 0.3402 Acc: 0.9298

Epoch 125/349
----------
train Loss: 0.0124 Acc: 0.9964
val Loss: 0.3356 Acc: 0.9312

Epoch 126/349
----------
train Loss: 0.0135 Acc: 0.9961
val Loss: 0.3352 Acc: 0.9314

Epoch 127/349
----------
train Loss: 0.0123 Acc: 0.9963
val Loss: 0.3356 Acc: 0.9292

Epoch 128/349
----------
train Loss: 0.0123 Acc: 0.9967
val Loss: 0.3368 Acc: 0.9298

Epoch 129/349
----------
train Loss: 0.0124 Acc: 0.9962
val Loss: 0.3390 Acc: 0.9306

Epoch 130/349
----------
train Loss: 0.0119 Acc: 0.9969
val Loss: 0.3401 Acc: 0.9307
Best Accuracy Last Updated On Epoch: 112

Epoch 131/349
----------
train Loss: 0.0111 Acc: 0.9966
val Loss: 0.3473 Acc: 0.9285

Epoch 132/349
----------
train Loss: 0.0112 Acc: 0.9968
val Loss: 0.3399 Acc: 0.9300

Epoch 133/349
----------
train Loss: 0.0107 Acc: 0.9970
val Loss: 0.3587 Acc: 0.9279

Epoch 134/349
----------
train Loss: 0.0115 Acc: 0.9967
val Loss: 0.3471 Acc: 0.9295

Epoch 135/349
----------
train Loss: 0.0097 Acc: 0.9974
val Loss: 0.3477 Acc: 0.9301

Epoch 136/349
----------
train Loss: 0.0104 Acc: 0.9968
val Loss: 0.3554 Acc: 0.9281

Epoch 137/349
----------
train Loss: 0.0107 Acc: 0.9967
val Loss: 0.3427 Acc: 0.9312

Epoch 138/349
----------
train Loss: 0.0107 Acc: 0.9969
val Loss: 0.3484 Acc: 0.9309

Epoch 139/349
----------
train Loss: 0.0106 Acc: 0.9968
val Loss: 0.3526 Acc: 0.9308

Epoch 140/349
----------
train Loss: 0.0098 Acc: 0.9969
val Loss: 0.3510 Acc: 0.9303
Best Accuracy Last Updated On Epoch: 112

Epoch 141/349
----------
train Loss: 0.0091 Acc: 0.9973
val Loss: 0.3456 Acc: 0.9296

Epoch 142/349
----------
train Loss: 0.0086 Acc: 0.9976
val Loss: 0.3567 Acc: 0.9317
best acc: 0.9317

Epoch 143/349
----------
train Loss: 0.0092 Acc: 0.9973
val Loss: 0.3589 Acc: 0.9300

Epoch 144/349
----------
train Loss: 0.0093 Acc: 0.9972
val Loss: 0.3514 Acc: 0.9314

Epoch 145/349
----------
train Loss: 0.0081 Acc: 0.9976
val Loss: 0.3508 Acc: 0.9315

Epoch 146/349
----------
train Loss: 0.0074 Acc: 0.9980
val Loss: 0.3594 Acc: 0.9298

Epoch 147/349
----------
train Loss: 0.0087 Acc: 0.9973
val Loss: 0.3541 Acc: 0.9311

Epoch 148/349
----------
train Loss: 0.0082 Acc: 0.9976
val Loss: 0.3710 Acc: 0.9300

Epoch 149/349
----------
train Loss: 0.0081 Acc: 0.9978
val Loss: 0.3661 Acc: 0.9325
best acc: 0.9325

Epoch 150/349
----------
train Loss: 0.0079 Acc: 0.9975
val Loss: 0.3534 Acc: 0.9332
best acc: 0.9332
Best Accuracy Last Updated On Epoch: 150

Epoch 151/349
----------
train Loss: 0.0066 Acc: 0.9982
val Loss: 0.3543 Acc: 0.9328

Epoch 152/349
----------
train Loss: 0.0063 Acc: 0.9984
val Loss: 0.3538 Acc: 0.9323

Epoch 153/349
----------
train Loss: 0.0060 Acc: 0.9986
val Loss: 0.3539 Acc: 0.9329

Epoch 154/349
----------
train Loss: 0.0056 Acc: 0.9987
val Loss: 0.3513 Acc: 0.9328

Epoch 155/349
----------
train Loss: 0.0053 Acc: 0.9988
val Loss: 0.3547 Acc: 0.9326

Epoch 156/349
----------
train Loss: 0.0051 Acc: 0.9991
val Loss: 0.3525 Acc: 0.9333
best acc: 0.9333

Epoch 157/349
----------
train Loss: 0.0060 Acc: 0.9985
val Loss: 0.3526 Acc: 0.9340
best acc: 0.9340

Epoch 158/349
----------
train Loss: 0.0049 Acc: 0.9989
val Loss: 0.3517 Acc: 0.9332

Epoch 159/349
----------
train Loss: 0.0047 Acc: 0.9990
val Loss: 0.3529 Acc: 0.9326

Epoch 160/349
----------
train Loss: 0.0045 Acc: 0.9991
val Loss: 0.3522 Acc: 0.9333
Best Accuracy Last Updated On Epoch: 157

Epoch 161/349
----------
train Loss: 0.0044 Acc: 0.9992
val Loss: 0.3546 Acc: 0.9329

Epoch 162/349
----------
train Loss: 0.0046 Acc: 0.9990
val Loss: 0.3554 Acc: 0.9331

Epoch 163/349
----------
train Loss: 0.0053 Acc: 0.9987
val Loss: 0.3544 Acc: 0.9333

Epoch 164/349
----------
train Loss: 0.0052 Acc: 0.9987
val Loss: 0.3566 Acc: 0.9336

Epoch 165/349
----------
train Loss: 0.0044 Acc: 0.9990
val Loss: 0.3583 Acc: 0.9335

Epoch 166/349
----------
train Loss: 0.0044 Acc: 0.9990
val Loss: 0.3553 Acc: 0.9329

Epoch 167/349
----------
train Loss: 0.0047 Acc: 0.9990
val Loss: 0.3559 Acc: 0.9337

Epoch 168/349
----------
train Loss: 0.0045 Acc: 0.9990
val Loss: 0.3540 Acc: 0.9329

Epoch 169/349
----------
train Loss: 0.0048 Acc: 0.9988
val Loss: 0.3533 Acc: 0.9334

Epoch 170/349
----------
train Loss: 0.0045 Acc: 0.9990
val Loss: 0.3554 Acc: 0.9340
Best Accuracy Last Updated On Epoch: 157

Epoch 171/349
----------
train Loss: 0.0039 Acc: 0.9993
val Loss: 0.3538 Acc: 0.9338

Epoch 172/349
----------
train Loss: 0.0041 Acc: 0.9991
val Loss: 0.3556 Acc: 0.9337

Epoch 173/349
----------
train Loss: 0.0046 Acc: 0.9988
val Loss: 0.3566 Acc: 0.9331

Epoch 174/349
----------
train Loss: 0.0040 Acc: 0.9992
val Loss: 0.3570 Acc: 0.9334

Epoch 175/349
----------
train Loss: 0.0044 Acc: 0.9990
val Loss: 0.3566 Acc: 0.9337

Epoch 176/349
----------
train Loss: 0.0041 Acc: 0.9994
val Loss: 0.3568 Acc: 0.9328

Epoch 177/349
----------
train Loss: 0.0042 Acc: 0.9991
val Loss: 0.3565 Acc: 0.9334

Epoch 178/349
----------
train Loss: 0.0042 Acc: 0.9991
val Loss: 0.3560 Acc: 0.9325

Epoch 179/349
----------
train Loss: 0.0038 Acc: 0.9992
val Loss: 0.3591 Acc: 0.9336

Epoch 180/349
----------
train Loss: 0.0042 Acc: 0.9991
val Loss: 0.3543 Acc: 0.9339
Best Accuracy Last Updated On Epoch: 157

Epoch 181/349
----------
train Loss: 0.0040 Acc: 0.9992
val Loss: 0.3597 Acc: 0.9327

Epoch 182/349
----------
train Loss: 0.0036 Acc: 0.9993
val Loss: 0.3560 Acc: 0.9335

Epoch 183/349
----------
train Loss: 0.0039 Acc: 0.9992
val Loss: 0.3588 Acc: 0.9333

Epoch 184/349
----------
train Loss: 0.0042 Acc: 0.9990
val Loss: 0.3585 Acc: 0.9334

Epoch 185/349
----------
train Loss: 0.0039 Acc: 0.9992
val Loss: 0.3577 Acc: 0.9328

Epoch 186/349
----------
train Loss: 0.0036 Acc: 0.9993
val Loss: 0.3573 Acc: 0.9328

Epoch 187/349
----------
train Loss: 0.0036 Acc: 0.9991
val Loss: 0.3593 Acc: 0.9326

Epoch 188/349
----------
train Loss: 0.0039 Acc: 0.9991
val Loss: 0.3565 Acc: 0.9334

Epoch 189/349
----------
train Loss: 0.0038 Acc: 0.9993
val Loss: 0.3598 Acc: 0.9318

Epoch 190/349
----------
train Loss: 0.0034 Acc: 0.9994
val Loss: 0.3648 Acc: 0.9332
Best Accuracy Last Updated On Epoch: 157

Epoch 191/349
----------
train Loss: 0.0044 Acc: 0.9990
val Loss: 0.3562 Acc: 0.9330

Epoch 192/349
----------
train Loss: 0.0039 Acc: 0.9991
val Loss: 0.3613 Acc: 0.9326

Epoch 193/349
----------
train Loss: 0.0039 Acc: 0.9992
val Loss: 0.3594 Acc: 0.9325

Epoch 194/349
----------
train Loss: 0.0043 Acc: 0.9991
val Loss: 0.3577 Acc: 0.9342
best acc: 0.9342

Epoch 195/349
----------
train Loss: 0.0032 Acc: 0.9996
val Loss: 0.3581 Acc: 0.9337

Epoch 196/349
----------
train Loss: 0.0035 Acc: 0.9993
val Loss: 0.3585 Acc: 0.9344
best acc: 0.9344

Epoch 197/349
----------
train Loss: 0.0034 Acc: 0.9996
val Loss: 0.3611 Acc: 0.9343

Epoch 198/349
----------
train Loss: 0.0032 Acc: 0.9994
val Loss: 0.3574 Acc: 0.9341

Epoch 199/349
----------
train Loss: 0.0036 Acc: 0.9992
val Loss: 0.3638 Acc: 0.9338

Epoch 200/349
----------
train Loss: 0.0037 Acc: 0.9993
val Loss: 0.3625 Acc: 0.9341
Best Accuracy Last Updated On Epoch: 196

Epoch 201/349
----------
train Loss: 0.0037 Acc: 0.9992
val Loss: 0.3621 Acc: 0.9342

Epoch 202/349
----------
train Loss: 0.0033 Acc: 0.9994
val Loss: 0.3582 Acc: 0.9343

Epoch 203/349
----------
train Loss: 0.0035 Acc: 0.9993
val Loss: 0.3627 Acc: 0.9335

Epoch 204/349
----------
train Loss: 0.0034 Acc: 0.9993
val Loss: 0.3607 Acc: 0.9344

Epoch 205/349
----------
train Loss: 0.0033 Acc: 0.9995
val Loss: 0.3593 Acc: 0.9332

Epoch 206/349
----------
train Loss: 0.0038 Acc: 0.9992
val Loss: 0.3611 Acc: 0.9341

Epoch 207/349
----------
train Loss: 0.0034 Acc: 0.9993
val Loss: 0.3592 Acc: 0.9339

Epoch 208/349
----------
train Loss: 0.0036 Acc: 0.9992
val Loss: 0.3625 Acc: 0.9341

Epoch 209/349
----------
train Loss: 0.0035 Acc: 0.9993
val Loss: 0.3623 Acc: 0.9337

Epoch 210/349
----------
train Loss: 0.0036 Acc: 0.9993
val Loss: 0.3637 Acc: 0.9340
Best Accuracy Last Updated On Epoch: 196

Epoch 211/349
----------
train Loss: 0.0039 Acc: 0.9992
val Loss: 0.3600 Acc: 0.9336

Epoch 212/349
----------
train Loss: 0.0034 Acc: 0.9995
val Loss: 0.3612 Acc: 0.9344

Epoch 213/349
----------
train Loss: 0.0037 Acc: 0.9992
val Loss: 0.3627 Acc: 0.9343

Epoch 214/349
----------
train Loss: 0.0035 Acc: 0.9994
val Loss: 0.3605 Acc: 0.9346
best acc: 0.9346

Epoch 215/349
----------
train Loss: 0.0037 Acc: 0.9993
val Loss: 0.3644 Acc: 0.9342

Epoch 216/349
----------
train Loss: 0.0035 Acc: 0.9993
val Loss: 0.3632 Acc: 0.9335

Epoch 217/349
----------
train Loss: 0.0036 Acc: 0.9994
val Loss: 0.3564 Acc: 0.9341

Epoch 218/349
----------
train Loss: 0.0034 Acc: 0.9993
val Loss: 0.3622 Acc: 0.9344

Epoch 219/349
----------
train Loss: 0.0036 Acc: 0.9992
val Loss: 0.3585 Acc: 0.9345

Epoch 220/349
----------
train Loss: 0.0034 Acc: 0.9994
val Loss: 0.3616 Acc: 0.9339
Best Accuracy Last Updated On Epoch: 214

Epoch 221/349
----------
train Loss: 0.0035 Acc: 0.9994
val Loss: 0.3603 Acc: 0.9343

Epoch 222/349
----------
train Loss: 0.0034 Acc: 0.9993
val Loss: 0.3651 Acc: 0.9339

Epoch 223/349
----------
train Loss: 0.0035 Acc: 0.9993
val Loss: 0.3597 Acc: 0.9330

Epoch 224/349
----------
train Loss: 0.0035 Acc: 0.9994
val Loss: 0.3630 Acc: 0.9331

Epoch 225/349
----------
train Loss: 0.0035 Acc: 0.9993
val Loss: 0.3571 Acc: 0.9339

Epoch 226/349
----------
train Loss: 0.0031 Acc: 0.9995
val Loss: 0.3611 Acc: 0.9340

Epoch 227/349
----------
train Loss: 0.0034 Acc: 0.9994
val Loss: 0.3614 Acc: 0.9335

Epoch 228/349
----------
train Loss: 0.0039 Acc: 0.9993
val Loss: 0.3643 Acc: 0.9335

Epoch 229/349
----------
train Loss: 0.0035 Acc: 0.9993
val Loss: 0.3591 Acc: 0.9342

Epoch 230/349
----------
train Loss: 0.0036 Acc: 0.9994
val Loss: 0.3594 Acc: 0.9340
Best Accuracy Last Updated On Epoch: 214

Epoch 231/349
----------
train Loss: 0.0036 Acc: 0.9993
val Loss: 0.3592 Acc: 0.9340

Epoch 232/349
----------
train Loss: 0.0035 Acc: 0.9994
val Loss: 0.3591 Acc: 0.9341

Epoch 233/349
----------
train Loss: 0.0035 Acc: 0.9993
val Loss: 0.3619 Acc: 0.9340

Epoch 234/349
----------
train Loss: 0.0036 Acc: 0.9992
val Loss: 0.3579 Acc: 0.9343

Epoch 235/349
----------
train Loss: 0.0032 Acc: 0.9994
val Loss: 0.3597 Acc: 0.9338

Epoch 236/349
----------
train Loss: 0.0034 Acc: 0.9994
val Loss: 0.3625 Acc: 0.9339

Epoch 237/349
----------
train Loss: 0.0033 Acc: 0.9995
val Loss: 0.3607 Acc: 0.9341

Epoch 238/349
----------
train Loss: 0.0034 Acc: 0.9994
val Loss: 0.3604 Acc: 0.9342

Epoch 239/349
----------
train Loss: 0.0034 Acc: 0.9993
val Loss: 0.3619 Acc: 0.9334

Epoch 240/349
----------
train Loss: 0.0035 Acc: 0.9994
val Loss: 0.3613 Acc: 0.9339
Best Accuracy Last Updated On Epoch: 214

Epoch 241/349
----------
train Loss: 0.0036 Acc: 0.9993
val Loss: 0.3614 Acc: 0.9338

Epoch 242/349
----------
train Loss: 0.0035 Acc: 0.9994
val Loss: 0.3617 Acc: 0.9337

Epoch 243/349
----------
train Loss: 0.0038 Acc: 0.9991
val Loss: 0.3626 Acc: 0.9339

Epoch 244/349
----------
train Loss: 0.0035 Acc: 0.9993
val Loss: 0.3618 Acc: 0.9335

Epoch 245/349
----------
train Loss: 0.0036 Acc: 0.9992
val Loss: 0.3618 Acc: 0.9337

Epoch 246/349
----------
train Loss: 0.0033 Acc: 0.9993
val Loss: 0.3633 Acc: 0.9336

Epoch 247/349
----------
train Loss: 0.0038 Acc: 0.9992
val Loss: 0.3599 Acc: 0.9344

Epoch 248/349
----------
train Loss: 0.0034 Acc: 0.9994
val Loss: 0.3640 Acc: 0.9335

Epoch 249/349
----------
train Loss: 0.0036 Acc: 0.9992
val Loss: 0.3631 Acc: 0.9333

Epoch 250/349
----------
train Loss: 0.0034 Acc: 0.9993
val Loss: 0.3601 Acc: 0.9343
Best Accuracy Last Updated On Epoch: 214

Epoch 251/349
----------
train Loss: 0.0034 Acc: 0.9994
val Loss: 0.3587 Acc: 0.9346

Epoch 252/349
----------
train Loss: 0.0030 Acc: 0.9995
val Loss: 0.3590 Acc: 0.9344

Epoch 253/349
----------
train Loss: 0.0033 Acc: 0.9996
val Loss: 0.3618 Acc: 0.9334

Epoch 254/349
----------
train Loss: 0.0033 Acc: 0.9995
val Loss: 0.3608 Acc: 0.9342

Epoch 255/349
----------
train Loss: 0.0032 Acc: 0.9996
val Loss: 0.3609 Acc: 0.9340

Epoch 256/349
----------
train Loss: 0.0029 Acc: 0.9996
val Loss: 0.3621 Acc: 0.9336

Epoch 257/349
----------
train Loss: 0.0031 Acc: 0.9994
val Loss: 0.3602 Acc: 0.9337

Epoch 258/349
----------
train Loss: 0.0036 Acc: 0.9992
val Loss: 0.3612 Acc: 0.9348
best acc: 0.9348

Epoch 259/349
----------
train Loss: 0.0032 Acc: 0.9994
val Loss: 0.3571 Acc: 0.9344

Epoch 260/349
----------
train Loss: 0.0037 Acc: 0.9992
val Loss: 0.3613 Acc: 0.9337
Best Accuracy Last Updated On Epoch: 258

Epoch 261/349
----------
train Loss: 0.0032 Acc: 0.9994
val Loss: 0.3582 Acc: 0.9345

Epoch 262/349
----------
train Loss: 0.0037 Acc: 0.9992
val Loss: 0.3615 Acc: 0.9338

Epoch 263/349
----------
train Loss: 0.0035 Acc: 0.9993
val Loss: 0.3620 Acc: 0.9341

Epoch 264/349
----------
train Loss: 0.0034 Acc: 0.9992
val Loss: 0.3596 Acc: 0.9341

Epoch 265/349
----------
train Loss: 0.0032 Acc: 0.9993
val Loss: 0.3611 Acc: 0.9347

Epoch 266/349
----------
train Loss: 0.0033 Acc: 0.9994
val Loss: 0.3591 Acc: 0.9341

Epoch 267/349
----------
train Loss: 0.0032 Acc: 0.9994
val Loss: 0.3605 Acc: 0.9342

Epoch 268/349
----------
train Loss: 0.0036 Acc: 0.9992
val Loss: 0.3629 Acc: 0.9337

Epoch 269/349
----------
train Loss: 0.0034 Acc: 0.9994
val Loss: 0.3634 Acc: 0.9343

Epoch 270/349
----------
train Loss: 0.0036 Acc: 0.9993
val Loss: 0.3606 Acc: 0.9336
Best Accuracy Last Updated On Epoch: 258

Epoch 271/349
----------
train Loss: 0.0040 Acc: 0.9990
val Loss: 0.3629 Acc: 0.9337

Epoch 272/349
----------
train Loss: 0.0030 Acc: 0.9996
val Loss: 0.3653 Acc: 0.9346

Epoch 273/349
----------
train Loss: 0.0031 Acc: 0.9995
val Loss: 0.3618 Acc: 0.9338

Epoch 274/349
----------
train Loss: 0.0034 Acc: 0.9994
val Loss: 0.3610 Acc: 0.9338

Epoch 275/349
----------
train Loss: 0.0035 Acc: 0.9993
val Loss: 0.3617 Acc: 0.9340

Epoch 276/349
----------
train Loss: 0.0035 Acc: 0.9993
val Loss: 0.3627 Acc: 0.9337

Epoch 277/349
----------
train Loss: 0.0034 Acc: 0.9993
val Loss: 0.3605 Acc: 0.9335

Epoch 278/349
----------
train Loss: 0.0038 Acc: 0.9992
val Loss: 0.3617 Acc: 0.9339

Epoch 279/349
----------
train Loss: 0.0035 Acc: 0.9993
val Loss: 0.3631 Acc: 0.9335

Epoch 280/349
----------
train Loss: 0.0036 Acc: 0.9993
val Loss: 0.3631 Acc: 0.9335
Best Accuracy Last Updated On Epoch: 258

Epoch 281/349
----------
train Loss: 0.0036 Acc: 0.9992
val Loss: 0.3597 Acc: 0.9330

Epoch 282/349
----------
train Loss: 0.0032 Acc: 0.9994
val Loss: 0.3602 Acc: 0.9339

Epoch 283/349
----------
train Loss: 0.0034 Acc: 0.9994
val Loss: 0.3630 Acc: 0.9327

Epoch 284/349
----------
train Loss: 0.0034 Acc: 0.9994
val Loss: 0.3621 Acc: 0.9347

Epoch 285/349
----------
train Loss: 0.0034 Acc: 0.9995
val Loss: 0.3605 Acc: 0.9334

Epoch 286/349
----------
train Loss: 0.0034 Acc: 0.9993
val Loss: 0.3605 Acc: 0.9339

Epoch 287/349
----------
train Loss: 0.0033 Acc: 0.9994
val Loss: 0.3630 Acc: 0.9345

Epoch 288/349
----------
train Loss: 0.0035 Acc: 0.9993
val Loss: 0.3624 Acc: 0.9338

Epoch 289/349
----------
train Loss: 0.0033 Acc: 0.9995
val Loss: 0.3623 Acc: 0.9347

Epoch 290/349
----------
train Loss: 0.0034 Acc: 0.9993
val Loss: 0.3619 Acc: 0.9339
Best Accuracy Last Updated On Epoch: 258

Epoch 291/349
----------
train Loss: 0.0037 Acc: 0.9992
val Loss: 0.3628 Acc: 0.9338

Epoch 292/349
----------
train Loss: 0.0036 Acc: 0.9993
val Loss: 0.3618 Acc: 0.9343

Epoch 293/349
----------
train Loss: 0.0035 Acc: 0.9995
val Loss: 0.3607 Acc: 0.9343

Epoch 294/349
----------
train Loss: 0.0033 Acc: 0.9995
val Loss: 0.3617 Acc: 0.9336

Epoch 295/349
----------
train Loss: 0.0036 Acc: 0.9992
val Loss: 0.3631 Acc: 0.9338

Epoch 296/349
----------
train Loss: 0.0033 Acc: 0.9993
val Loss: 0.3614 Acc: 0.9340

Epoch 297/349
----------
train Loss: 0.0034 Acc: 0.9993
val Loss: 0.3615 Acc: 0.9345

Epoch 298/349
----------
train Loss: 0.0034 Acc: 0.9995
val Loss: 0.3630 Acc: 0.9340

Epoch 299/349
----------
train Loss: 0.0031 Acc: 0.9995
val Loss: 0.3624 Acc: 0.9337

Epoch 300/349
----------
train Loss: 0.0037 Acc: 0.9992
val Loss: 0.3643 Acc: 0.9335
Best Accuracy Last Updated On Epoch: 258

Epoch 301/349
----------
train Loss: 0.0037 Acc: 0.9993
val Loss: 0.3587 Acc: 0.9353
best acc: 0.9353

Epoch 302/349
----------
train Loss: 0.0035 Acc: 0.9993
val Loss: 0.3630 Acc: 0.9336

Epoch 303/349
----------
train Loss: 0.0033 Acc: 0.9994
val Loss: 0.3647 Acc: 0.9334

Epoch 304/349
----------
train Loss: 0.0032 Acc: 0.9994
val Loss: 0.3640 Acc: 0.9339

Epoch 305/349
----------
train Loss: 0.0032 Acc: 0.9993
val Loss: 0.3601 Acc: 0.9346

Epoch 306/349
----------
train Loss: 0.0035 Acc: 0.9993
val Loss: 0.3640 Acc: 0.9337

Epoch 307/349
----------
train Loss: 0.0033 Acc: 0.9993
val Loss: 0.3655 Acc: 0.9339

Epoch 308/349
----------
train Loss: 0.0036 Acc: 0.9994
val Loss: 0.3606 Acc: 0.9352

Epoch 309/349
----------
train Loss: 0.0033 Acc: 0.9993
val Loss: 0.3627 Acc: 0.9342

Epoch 310/349
----------
train Loss: 0.0032 Acc: 0.9994
val Loss: 0.3620 Acc: 0.9332
Best Accuracy Last Updated On Epoch: 301

Epoch 311/349
----------
train Loss: 0.0032 Acc: 0.9994
val Loss: 0.3636 Acc: 0.9338

Epoch 312/349
----------
train Loss: 0.0035 Acc: 0.9993
val Loss: 0.3623 Acc: 0.9337

Epoch 313/349
----------
train Loss: 0.0034 Acc: 0.9994
val Loss: 0.3602 Acc: 0.9341

Epoch 314/349
----------
train Loss: 0.0033 Acc: 0.9995
val Loss: 0.3617 Acc: 0.9332

Epoch 315/349
----------
train Loss: 0.0035 Acc: 0.9992
val Loss: 0.3634 Acc: 0.9339

Epoch 316/349
----------
train Loss: 0.0033 Acc: 0.9994
val Loss: 0.3616 Acc: 0.9334

Epoch 317/349
----------
train Loss: 0.0034 Acc: 0.9994
val Loss: 0.3624 Acc: 0.9338

Epoch 318/349
----------
train Loss: 0.0032 Acc: 0.9994
val Loss: 0.3608 Acc: 0.9346

Epoch 319/349
----------
train Loss: 0.0033 Acc: 0.9994
val Loss: 0.3616 Acc: 0.9346

Epoch 320/349
----------
train Loss: 0.0033 Acc: 0.9995
val Loss: 0.3647 Acc: 0.9339
Best Accuracy Last Updated On Epoch: 301

Epoch 321/349
----------
train Loss: 0.0035 Acc: 0.9992
val Loss: 0.3640 Acc: 0.9340

Epoch 322/349
----------
train Loss: 0.0032 Acc: 0.9995
val Loss: 0.3656 Acc: 0.9336

Epoch 323/349
----------
train Loss: 0.0037 Acc: 0.9991
val Loss: 0.3625 Acc: 0.9340

Epoch 324/349
----------
train Loss: 0.0033 Acc: 0.9993
val Loss: 0.3600 Acc: 0.9343

Epoch 325/349
----------
train Loss: 0.0036 Acc: 0.9993
val Loss: 0.3615 Acc: 0.9341

Epoch 326/349
----------
train Loss: 0.0035 Acc: 0.9993
val Loss: 0.3621 Acc: 0.9350

Epoch 327/349
----------
train Loss: 0.0031 Acc: 0.9994
val Loss: 0.3621 Acc: 0.9345

Epoch 328/349
----------
train Loss: 0.0034 Acc: 0.9994
val Loss: 0.3615 Acc: 0.9346

Epoch 329/349
----------
train Loss: 0.0033 Acc: 0.9995
val Loss: 0.3599 Acc: 0.9349

Epoch 330/349
----------
train Loss: 0.0034 Acc: 0.9992
val Loss: 0.3619 Acc: 0.9334
Best Accuracy Last Updated On Epoch: 301

Epoch 331/349
----------
train Loss: 0.0034 Acc: 0.9992
val Loss: 0.3641 Acc: 0.9339

Epoch 332/349
----------
train Loss: 0.0034 Acc: 0.9993
val Loss: 0.3632 Acc: 0.9339

Epoch 333/349
----------
train Loss: 0.0031 Acc: 0.9994
val Loss: 0.3644 Acc: 0.9341

Epoch 334/349
----------
train Loss: 0.0033 Acc: 0.9995
val Loss: 0.3612 Acc: 0.9336

Epoch 335/349
----------
train Loss: 0.0031 Acc: 0.9995
val Loss: 0.3647 Acc: 0.9342

Epoch 336/349
----------
train Loss: 0.0035 Acc: 0.9993
val Loss: 0.3628 Acc: 0.9338

Epoch 337/349
----------
train Loss: 0.0032 Acc: 0.9994
val Loss: 0.3601 Acc: 0.9338

Epoch 338/349
----------
train Loss: 0.0035 Acc: 0.9993
val Loss: 0.3616 Acc: 0.9334

Epoch 339/349
----------
train Loss: 0.0033 Acc: 0.9994
val Loss: 0.3636 Acc: 0.9337

Epoch 340/349
----------
train Loss: 0.0034 Acc: 0.9993
val Loss: 0.3586 Acc: 0.9342
Best Accuracy Last Updated On Epoch: 301

Epoch 341/349
----------
train Loss: 0.0035 Acc: 0.9992
val Loss: 0.3629 Acc: 0.9336

Epoch 342/349
----------
train Loss: 0.0036 Acc: 0.9992
val Loss: 0.3629 Acc: 0.9331

Epoch 343/349
----------
train Loss: 0.0031 Acc: 0.9996
val Loss: 0.3641 Acc: 0.9341

Epoch 344/349
----------
train Loss: 0.0038 Acc: 0.9991
val Loss: 0.3630 Acc: 0.9344

Epoch 345/349
----------
train Loss: 0.0034 Acc: 0.9993
val Loss: 0.3578 Acc: 0.9342

Epoch 346/349
----------
train Loss: 0.0031 Acc: 0.9994
val Loss: 0.3638 Acc: 0.9340

Epoch 347/349
----------
train Loss: 0.0034 Acc: 0.9995
val Loss: 0.3604 Acc: 0.9350

Epoch 348/349
----------
train Loss: 0.0034 Acc: 0.9994
val Loss: 0.3609 Acc: 0.9343

Epoch 349/349
----------
train Loss: 0.0034 Acc: 0.9995
val Loss: 0.3596 Acc: 0.9335

Training complete in 122m 50s
Best val Acc: 0.935300
The TTA is: 35m 24s or a total of 2124.088829755783 seconds
	 TTA was reached in epoch 100
