'./problem5/batch_size_experiments/v100/resnet_59791' Directory was created!
Starting training on: device=cuda


Device: b'Tesla V100-PCIE-32GB'

Training resnet50_32
Model information: 
	Total number of params: 0.76M
	Total layers 50
Optimizer: SGD (
Parameter Group 0
    dampening: 0
    initial_lr: 0.1
    lr: 0.1
    momentum: 0.9
    nesterov: False
    weight_decay: 0.0001
)
Scheduler: {'milestones': Counter({100: 1, 150: 1, 200: 1, 300: 1}), 'gamma': 0.1, 'base_lrs': [0.1], 'last_epoch': 0, '_step_count': 1, 'verbose': False, '_get_lr_called_within_step': False, '_last_lr': [0.1]}
Epoch 0/349
----------
Files already downloaded and verified
Files already downloaded and verified
Total number of params 755802
Total layers 50
train Loss: 1.9647 Acc: 0.2771
val Loss: 1.5866 Acc: 0.4127
best acc: 0.4127
Best Accuracy Last Updated On Epoch: 0

Epoch 1/349
----------
train Loss: 1.5112 Acc: 0.4431
val Loss: 1.5768 Acc: 0.4741
best acc: 0.4741

Epoch 2/349
----------
train Loss: 1.2555 Acc: 0.5482
val Loss: 1.2080 Acc: 0.5691
best acc: 0.5691

Epoch 3/349
----------
train Loss: 1.0642 Acc: 0.6224
val Loss: 1.0735 Acc: 0.6345
best acc: 0.6345

Epoch 4/349
----------
train Loss: 0.9291 Acc: 0.6751
val Loss: 0.9273 Acc: 0.6756
best acc: 0.6756

Epoch 5/349
----------
train Loss: 0.8375 Acc: 0.7100
val Loss: 0.8642 Acc: 0.7138
best acc: 0.7138

Epoch 6/349
----------
train Loss: 0.7818 Acc: 0.7270
val Loss: 0.7797 Acc: 0.7380
best acc: 0.7380

Epoch 7/349
----------
train Loss: 0.7255 Acc: 0.7486
val Loss: 0.6945 Acc: 0.7635
best acc: 0.7635

Epoch 8/349
----------
train Loss: 0.6836 Acc: 0.7640
val Loss: 0.7064 Acc: 0.7568

Epoch 9/349
----------
train Loss: 0.6541 Acc: 0.7757
val Loss: 0.6537 Acc: 0.7814
best acc: 0.7814

Epoch 10/349
----------
train Loss: 0.6282 Acc: 0.7841
val Loss: 0.8128 Acc: 0.7451
Best Accuracy Last Updated On Epoch: 9

Epoch 11/349
----------
train Loss: 0.6054 Acc: 0.7921
val Loss: 0.6894 Acc: 0.7741

Epoch 12/349
----------
train Loss: 0.5895 Acc: 0.7961
val Loss: 0.6311 Acc: 0.7797

Epoch 13/349
----------
train Loss: 0.5696 Acc: 0.8039
val Loss: 0.7349 Acc: 0.7525

Epoch 14/349
----------
train Loss: 0.5500 Acc: 0.8120
val Loss: 0.5935 Acc: 0.8056
best acc: 0.8056

Epoch 15/349
----------
train Loss: 0.5435 Acc: 0.8135
val Loss: 0.5163 Acc: 0.8279
best acc: 0.8279

Epoch 16/349
----------
train Loss: 0.5273 Acc: 0.8185
val Loss: 0.5645 Acc: 0.8079

Epoch 17/349
----------
train Loss: 0.5197 Acc: 0.8207
val Loss: 0.6925 Acc: 0.7777

Epoch 18/349
----------
train Loss: 0.5099 Acc: 0.8252
val Loss: 0.5972 Acc: 0.7955

Epoch 19/349
----------
train Loss: 0.5062 Acc: 0.8262
val Loss: 0.5359 Acc: 0.8204

Epoch 20/349
----------
train Loss: 0.4971 Acc: 0.8292
val Loss: 0.7174 Acc: 0.7767
Best Accuracy Last Updated On Epoch: 15

Epoch 21/349
----------
train Loss: 0.4850 Acc: 0.8352
val Loss: 0.7757 Acc: 0.7521

Epoch 22/349
----------
train Loss: 0.4838 Acc: 0.8342
val Loss: 0.6521 Acc: 0.7930

Epoch 23/349
----------
train Loss: 0.4760 Acc: 0.8388
val Loss: 0.6406 Acc: 0.8025

Epoch 24/349
----------
train Loss: 0.4725 Acc: 0.8375
val Loss: 0.5152 Acc: 0.8270

Epoch 25/349
----------
train Loss: 0.4720 Acc: 0.8377
val Loss: 0.5327 Acc: 0.8243

Epoch 26/349
----------
train Loss: 0.4654 Acc: 0.8417
val Loss: 0.5906 Acc: 0.8018

Epoch 27/349
----------
train Loss: 0.4623 Acc: 0.8424
val Loss: 0.6566 Acc: 0.7866

Epoch 28/349
----------
train Loss: 0.4587 Acc: 0.8432
val Loss: 0.4828 Acc: 0.8393
best acc: 0.8393

Epoch 29/349
----------
train Loss: 0.4534 Acc: 0.8440
val Loss: 0.5272 Acc: 0.8264

Epoch 30/349
----------
train Loss: 0.4486 Acc: 0.8464
val Loss: 0.5104 Acc: 0.8369
Best Accuracy Last Updated On Epoch: 28

Epoch 31/349
----------
train Loss: 0.4506 Acc: 0.8446
val Loss: 0.5878 Acc: 0.8097

Epoch 32/349
----------
train Loss: 0.4407 Acc: 0.8481
val Loss: 0.6127 Acc: 0.7953

Epoch 33/349
----------
train Loss: 0.4457 Acc: 0.8484
val Loss: 0.5321 Acc: 0.8212

Epoch 34/349
----------
train Loss: 0.4409 Acc: 0.8494
val Loss: 0.5018 Acc: 0.8321

Epoch 35/349
----------
train Loss: 0.4402 Acc: 0.8504
val Loss: 0.4902 Acc: 0.8383

Epoch 36/349
----------
train Loss: 0.4334 Acc: 0.8508
val Loss: 0.5432 Acc: 0.8216

Epoch 37/349
----------
train Loss: 0.4321 Acc: 0.8503
val Loss: 0.5285 Acc: 0.8265

Epoch 38/349
----------
train Loss: 0.4354 Acc: 0.8503
val Loss: 0.6335 Acc: 0.8031

Epoch 39/349
----------
train Loss: 0.4298 Acc: 0.8529
val Loss: 0.5426 Acc: 0.8267

Epoch 40/349
----------
train Loss: 0.4326 Acc: 0.8496
val Loss: 0.5726 Acc: 0.8129
Best Accuracy Last Updated On Epoch: 28

Epoch 41/349
----------
train Loss: 0.4242 Acc: 0.8553
val Loss: 0.4431 Acc: 0.8540
best acc: 0.8540

Epoch 42/349
----------
train Loss: 0.4313 Acc: 0.8529
val Loss: 0.6067 Acc: 0.8127

Epoch 43/349
----------
train Loss: 0.4228 Acc: 0.8541
val Loss: 0.5493 Acc: 0.8216

Epoch 44/349
----------
train Loss: 0.4240 Acc: 0.8540
val Loss: 0.4595 Acc: 0.8489

Epoch 45/349
----------
train Loss: 0.4213 Acc: 0.8547
val Loss: 0.5366 Acc: 0.8255

Epoch 46/349
----------
train Loss: 0.4158 Acc: 0.8567
val Loss: 0.4923 Acc: 0.8384

Epoch 47/349
----------
train Loss: 0.4132 Acc: 0.8575
val Loss: 0.4900 Acc: 0.8342

Epoch 48/349
----------
train Loss: 0.4125 Acc: 0.8586
val Loss: 0.5183 Acc: 0.8333

Epoch 49/349
----------
