'./problem5/batch_size_experiments/v100/resnet_23651' Directory was created!
Starting training on: device=cuda


Device: b'Tesla V100-SXM2-16GB'

Training resnet50
Model information: 
	Total number of params: 0.76M
	Total layers 50
Optimizer: SGD (
Parameter Group 0
    dampening: 0
    initial_lr: 0.1
    lr: 0.1
    momentum: 0.9
    nesterov: False
    weight_decay: 0.0001
)
Scheduler: {'milestones': Counter({100: 1, 150: 1, 200: 1, 300: 1}), 'gamma': 0.1, 'base_lrs': [0.1], 'last_epoch': 0, '_step_count': 1, 'verbose': False, '_get_lr_called_within_step': False, '_last_lr': [0.1]}
Epoch 0/349
----------
Files already downloaded and verified
Files already downloaded and verified
Total number of params 755802
Total layers 50
train Loss: 2.6302 Acc: 0.1176
val Loss: 2.2686 Acc: 0.1241
best acc: 0.1241
Best Accuracy Last Updated On Epoch: 0

Epoch 1/349
----------
train Loss: 2.1031 Acc: 0.1914
val Loss: 2.0364 Acc: 0.2214
best acc: 0.2214

Epoch 2/349
----------
train Loss: 1.7525 Acc: 0.3241
val Loss: 1.6524 Acc: 0.3867
best acc: 0.3867

Epoch 3/349
----------
train Loss: 1.5528 Acc: 0.4211
val Loss: 1.4512 Acc: 0.4688
best acc: 0.4688

Epoch 4/349
----------
train Loss: 1.3670 Acc: 0.5017
val Loss: 1.5281 Acc: 0.4837
best acc: 0.4837

Epoch 5/349
----------
train Loss: 1.1848 Acc: 0.5737
val Loss: 1.3283 Acc: 0.5379
best acc: 0.5379

Epoch 6/349
----------
train Loss: 1.0298 Acc: 0.6301
val Loss: 1.0977 Acc: 0.6282
best acc: 0.6282

Epoch 7/349
----------
train Loss: 0.9066 Acc: 0.6791
val Loss: 0.9560 Acc: 0.6760
best acc: 0.6760

Epoch 8/349
----------
train Loss: 0.8195 Acc: 0.7107
val Loss: 1.3838 Acc: 0.6218

Epoch 9/349
----------
train Loss: 0.7334 Acc: 0.7446
val Loss: 1.3007 Acc: 0.6290

Epoch 10/349
----------
train Loss: 0.6743 Acc: 0.7654
val Loss: 0.7763 Acc: 0.7406
best acc: 0.7406
Best Accuracy Last Updated On Epoch: 10

Epoch 11/349
----------
train Loss: 0.6237 Acc: 0.7827
val Loss: 1.0776 Acc: 0.6672

Epoch 12/349
----------
train Loss: 0.5816 Acc: 0.7969
val Loss: 0.7589 Acc: 0.7570
best acc: 0.7570

Epoch 13/349
----------
train Loss: 0.5448 Acc: 0.8113
val Loss: 0.8013 Acc: 0.7408

Epoch 14/349
----------
train Loss: 0.5155 Acc: 0.8210
val Loss: 0.7520 Acc: 0.7502

Epoch 15/349
----------
train Loss: 0.5002 Acc: 0.8265
val Loss: 0.7952 Acc: 0.7601
best acc: 0.7601

Epoch 16/349
----------
train Loss: 0.4727 Acc: 0.8359
val Loss: 0.7822 Acc: 0.7545

Epoch 17/349
----------
train Loss: 0.4478 Acc: 0.8447
val Loss: 0.6235 Acc: 0.7983
best acc: 0.7983

Epoch 18/349
----------
train Loss: 0.4281 Acc: 0.8525
val Loss: 0.6554 Acc: 0.7921

Epoch 19/349
----------
train Loss: 0.4113 Acc: 0.8562
val Loss: 0.5684 Acc: 0.8132
best acc: 0.8132

Epoch 20/349
----------
train Loss: 0.3954 Acc: 0.8630
val Loss: 0.7522 Acc: 0.7593
Best Accuracy Last Updated On Epoch: 19

Epoch 21/349
----------
train Loss: 0.3800 Acc: 0.8687
val Loss: 0.5723 Acc: 0.8150
best acc: 0.8150

Epoch 22/349
----------
train Loss: 0.3703 Acc: 0.8705
val Loss: 0.5138 Acc: 0.8339
best acc: 0.8339

Epoch 23/349
----------
train Loss: 0.3594 Acc: 0.8760
val Loss: 0.6704 Acc: 0.7931

Epoch 24/349
----------
train Loss: 0.3432 Acc: 0.8814
val Loss: 0.5402 Acc: 0.8196

Epoch 25/349
----------
train Loss: 0.3251 Acc: 0.8846
val Loss: 0.5886 Acc: 0.8090

Epoch 26/349
----------
train Loss: 0.3164 Acc: 0.8902
val Loss: 0.4976 Acc: 0.8316

Epoch 27/349
----------
train Loss: 0.3075 Acc: 0.8934
val Loss: 0.5746 Acc: 0.8143

Epoch 28/349
----------
train Loss: 0.2960 Acc: 0.8960
val Loss: 0.5459 Acc: 0.8292

Epoch 29/349
----------
train Loss: 0.2867 Acc: 0.8994
val Loss: 0.5165 Acc: 0.8340
best acc: 0.8340

Epoch 30/349
----------
train Loss: 0.2783 Acc: 0.9025
val Loss: 0.5794 Acc: 0.8217
Best Accuracy Last Updated On Epoch: 29

Epoch 31/349
----------
train Loss: 0.2763 Acc: 0.9029
val Loss: 0.5295 Acc: 0.8334

Epoch 32/349
----------
train Loss: 0.2591 Acc: 0.9095
val Loss: 0.5848 Acc: 0.8222

Epoch 33/349
----------
train Loss: 0.2594 Acc: 0.9078
val Loss: 0.6109 Acc: 0.8243

Epoch 34/349
----------
train Loss: 0.2497 Acc: 0.9123
val Loss: 0.5263 Acc: 0.8376
best acc: 0.8376

Epoch 35/349
----------
train Loss: 0.2455 Acc: 0.9143
val Loss: 0.5381 Acc: 0.8343

Epoch 36/349
----------
train Loss: 0.2365 Acc: 0.9159
val Loss: 0.5166 Acc: 0.8392
best acc: 0.8392

Epoch 37/349
----------
train Loss: 0.2291 Acc: 0.9192
val Loss: 0.5382 Acc: 0.8425
best acc: 0.8425

Epoch 38/349
----------
train Loss: 0.2240 Acc: 0.9214
val Loss: 0.4755 Acc: 0.8587
best acc: 0.8587

Epoch 39/349
----------
train Loss: 0.2135 Acc: 0.9238
val Loss: 0.5719 Acc: 0.8347

Epoch 40/349
----------
train Loss: 0.2076 Acc: 0.9277
val Loss: 0.4754 Acc: 0.8526
Best Accuracy Last Updated On Epoch: 38

Epoch 41/349
----------
train Loss: 0.2070 Acc: 0.9281
val Loss: 0.5817 Acc: 0.8240

Epoch 42/349
----------
train Loss: 0.2047 Acc: 0.9284
val Loss: 0.5676 Acc: 0.8358

Epoch 43/349
----------
train Loss: 0.2011 Acc: 0.9290
val Loss: 0.7765 Acc: 0.7952

Epoch 44/349
----------
train Loss: 0.1978 Acc: 0.9302
val Loss: 0.4504 Acc: 0.8628
best acc: 0.8628

Epoch 45/349
----------
train Loss: 0.1905 Acc: 0.9327
val Loss: 0.5055 Acc: 0.8532

Epoch 46/349
----------
train Loss: 0.1843 Acc: 0.9343
val Loss: 0.5584 Acc: 0.8423

Epoch 47/349
----------
train Loss: 0.1855 Acc: 0.9333
val Loss: 0.4814 Acc: 0.8563

Epoch 48/349
----------
train Loss: 0.1783 Acc: 0.9362
val Loss: 0.5032 Acc: 0.8548

Epoch 49/349
----------
train Loss: 0.1709 Acc: 0.9397
val Loss: 0.5989 Acc: 0.8376

Epoch 50/349
----------
train Loss: 0.1708 Acc: 0.9381
val Loss: 0.5954 Acc: 0.8414
Best Accuracy Last Updated On Epoch: 44

Epoch 51/349
----------
train Loss: 0.1893 Acc: 0.9319
val Loss: 0.5476 Acc: 0.8372

Epoch 52/349
----------
train Loss: 0.1887 Acc: 0.9327
val Loss: 0.4561 Acc: 0.8681
best acc: 0.8681

Epoch 53/349
----------
train Loss: 0.1617 Acc: 0.9432
val Loss: 0.5744 Acc: 0.8450

Epoch 54/349
----------
train Loss: 0.1627 Acc: 0.9423
val Loss: 0.5288 Acc: 0.8468

Epoch 55/349
----------
train Loss: 0.1561 Acc: 0.9454
val Loss: 0.7236 Acc: 0.8157

Epoch 56/349
----------
train Loss: 0.1544 Acc: 0.9453
val Loss: 0.4825 Acc: 0.8668

Epoch 57/349
----------
train Loss: 0.1491 Acc: 0.9473
val Loss: 0.5140 Acc: 0.8585

Epoch 58/349
----------
train Loss: 0.1482 Acc: 0.9476
val Loss: 0.4700 Acc: 0.8685
best acc: 0.8685

Epoch 59/349
----------
train Loss: 0.1454 Acc: 0.9488
val Loss: 0.4902 Acc: 0.8652

Epoch 60/349
----------
train Loss: 0.1412 Acc: 0.9498
val Loss: 0.7442 Acc: 0.8172
Best Accuracy Last Updated On Epoch: 58

Epoch 61/349
----------
train Loss: 0.1447 Acc: 0.9481
val Loss: 0.5087 Acc: 0.8655

Epoch 62/349
----------
train Loss: 0.1397 Acc: 0.9504
val Loss: 0.4812 Acc: 0.8694
best acc: 0.8694

Epoch 63/349
----------
train Loss: 0.1345 Acc: 0.9531
val Loss: 0.6121 Acc: 0.8390

Epoch 64/349
----------
train Loss: 0.1271 Acc: 0.9549
val Loss: 0.5614 Acc: 0.8494

Epoch 65/349
----------
train Loss: 0.1368 Acc: 0.9505
val Loss: 0.5474 Acc: 0.8534

Epoch 66/349
----------
train Loss: 0.1295 Acc: 0.9537
val Loss: 0.6066 Acc: 0.8472

Epoch 67/349
----------
train Loss: 0.1222 Acc: 0.9571
val Loss: 0.5102 Acc: 0.8710
best acc: 0.8710

Epoch 68/349
----------
train Loss: 0.1229 Acc: 0.9553
val Loss: 0.6063 Acc: 0.8456

Epoch 69/349
----------
train Loss: 0.1288 Acc: 0.9538
val Loss: 0.4966 Acc: 0.8616

Epoch 70/349
----------
train Loss: 0.1223 Acc: 0.9562
val Loss: 0.5692 Acc: 0.8501
Best Accuracy Last Updated On Epoch: 67

Epoch 71/349
----------
train Loss: 0.1217 Acc: 0.9571
val Loss: 0.5899 Acc: 0.8549

Epoch 72/349
----------
train Loss: 0.1233 Acc: 0.9557
val Loss: 0.5729 Acc: 0.8560

Epoch 73/349
----------
train Loss: 0.1192 Acc: 0.9570
val Loss: 0.5750 Acc: 0.8497

Epoch 74/349
----------
train Loss: 0.1160 Acc: 0.9594
val Loss: 0.4983 Acc: 0.8687

Epoch 75/349
----------
train Loss: 0.1165 Acc: 0.9591
val Loss: 0.4542 Acc: 0.8744
best acc: 0.8744

Epoch 76/349
----------
train Loss: 0.1120 Acc: 0.9603
val Loss: 0.5287 Acc: 0.8610

Epoch 77/349
----------
train Loss: 0.1144 Acc: 0.9587
val Loss: 0.6074 Acc: 0.8542

Epoch 78/349
----------
train Loss: 0.1138 Acc: 0.9598
val Loss: 0.5435 Acc: 0.8621

Epoch 79/349
----------
train Loss: 0.1120 Acc: 0.9599
val Loss: 0.4995 Acc: 0.8700

Epoch 80/349
----------
train Loss: 0.1047 Acc: 0.9623
val Loss: 0.4474 Acc: 0.8819
best acc: 0.8819
Best Accuracy Last Updated On Epoch: 80

Epoch 81/349
----------
train Loss: 0.1057 Acc: 0.9630
val Loss: 0.5685 Acc: 0.8582

Epoch 82/349
----------
train Loss: 0.1136 Acc: 0.9601
val Loss: 0.5492 Acc: 0.8612

Epoch 83/349
----------
train Loss: 0.1004 Acc: 0.9636
val Loss: 0.5768 Acc: 0.8547

Epoch 84/349
----------
train Loss: 0.1001 Acc: 0.9644
val Loss: 0.5833 Acc: 0.8584

Epoch 85/349
----------
train Loss: 0.1104 Acc: 0.9608
val Loss: 0.6979 Acc: 0.8287

Epoch 86/349
----------
train Loss: 0.1030 Acc: 0.9636
val Loss: 0.5873 Acc: 0.8440

Epoch 87/349
----------
train Loss: 0.1028 Acc: 0.9645
val Loss: 0.4762 Acc: 0.8771

Epoch 88/349
----------
train Loss: 0.0932 Acc: 0.9669
val Loss: 0.4854 Acc: 0.8782

Epoch 89/349
----------
train Loss: 0.0998 Acc: 0.9648
val Loss: 0.6027 Acc: 0.8546

Epoch 90/349
----------
train Loss: 0.0995 Acc: 0.9645
val Loss: 0.4672 Acc: 0.8747
Best Accuracy Last Updated On Epoch: 80

Epoch 91/349
----------
train Loss: 0.0956 Acc: 0.9661
val Loss: 0.5523 Acc: 0.8676

Epoch 92/349
----------
train Loss: 0.0978 Acc: 0.9655
val Loss: 0.5050 Acc: 0.8695

Epoch 93/349
----------
train Loss: 0.0915 Acc: 0.9682
val Loss: 0.4995 Acc: 0.8737

Epoch 94/349
----------
train Loss: 0.1006 Acc: 0.9647
val Loss: 0.6555 Acc: 0.8432

Epoch 95/349
----------
train Loss: 0.0939 Acc: 0.9674
val Loss: 0.5264 Acc: 0.8695

Epoch 96/349
----------
train Loss: 0.0888 Acc: 0.9674
val Loss: 0.4836 Acc: 0.8785

Epoch 97/349
----------
train Loss: 0.0947 Acc: 0.9668
val Loss: 0.5834 Acc: 0.8533

Epoch 98/349
----------
train Loss: 0.0951 Acc: 0.9661
val Loss: 0.6023 Acc: 0.8558

Epoch 99/349
----------
train Loss: 0.0919 Acc: 0.9671
val Loss: 0.6365 Acc: 0.8475

Epoch 100/349
----------
train Loss: 0.0509 Acc: 0.9833
val Loss: 0.3838 Acc: 0.9008
best acc: 0.9008
Best Accuracy Last Updated On Epoch: 100

Epoch 101/349
----------
train Loss: 0.0324 Acc: 0.9903
val Loss: 0.3801 Acc: 0.9036
best acc: 0.9036

Epoch 102/349
----------
train Loss: 0.0272 Acc: 0.9925
val Loss: 0.3833 Acc: 0.9034

Epoch 103/349
----------
train Loss: 0.0232 Acc: 0.9937
val Loss: 0.3754 Acc: 0.9041
best acc: 0.9041

Epoch 104/349
----------
train Loss: 0.0225 Acc: 0.9935
val Loss: 0.3816 Acc: 0.9057
best acc: 0.9057

Epoch 105/349
----------
train Loss: 0.0204 Acc: 0.9947
val Loss: 0.3804 Acc: 0.9054

Epoch 106/349
----------
train Loss: 0.0193 Acc: 0.9947
val Loss: 0.3897 Acc: 0.9054

Epoch 107/349
----------
train Loss: 0.0177 Acc: 0.9958
val Loss: 0.3896 Acc: 0.9057

Epoch 108/349
----------
train Loss: 0.0172 Acc: 0.9950
val Loss: 0.3976 Acc: 0.9039

Epoch 109/349
----------
train Loss: 0.0156 Acc: 0.9960
val Loss: 0.3966 Acc: 0.9062
best acc: 0.9062

Epoch 110/349
----------
train Loss: 0.0154 Acc: 0.9961
val Loss: 0.3940 Acc: 0.9064
best acc: 0.9064
Best Accuracy Last Updated On Epoch: 110

Epoch 111/349
----------
train Loss: 0.0145 Acc: 0.9965
val Loss: 0.3991 Acc: 0.9059

Epoch 112/349
----------
train Loss: 0.0128 Acc: 0.9971
val Loss: 0.3984 Acc: 0.9064

Epoch 113/349
----------
train Loss: 0.0133 Acc: 0.9969
val Loss: 0.4024 Acc: 0.9073
best acc: 0.9073

Epoch 114/349
----------
train Loss: 0.0125 Acc: 0.9969
val Loss: 0.4031 Acc: 0.9070

Epoch 115/349
----------
train Loss: 0.0119 Acc: 0.9972
val Loss: 0.4075 Acc: 0.9076
best acc: 0.9076

Epoch 116/349
----------
train Loss: 0.0115 Acc: 0.9973
val Loss: 0.4092 Acc: 0.9065

Epoch 117/349
----------
train Loss: 0.0113 Acc: 0.9973
val Loss: 0.4078 Acc: 0.9080
best acc: 0.9080

Epoch 118/349
----------
train Loss: 0.0113 Acc: 0.9972
val Loss: 0.4098 Acc: 0.9074

Epoch 119/349
----------
train Loss: 0.0104 Acc: 0.9976
val Loss: 0.4137 Acc: 0.9056

Epoch 120/349
----------
train Loss: 0.0102 Acc: 0.9976
val Loss: 0.4164 Acc: 0.9069
Best Accuracy Last Updated On Epoch: 117

Epoch 121/349
----------
train Loss: 0.0100 Acc: 0.9976
val Loss: 0.4151 Acc: 0.9072

Epoch 122/349
----------
train Loss: 0.0097 Acc: 0.9976
val Loss: 0.4184 Acc: 0.9048

Epoch 123/349
----------
train Loss: 0.0105 Acc: 0.9975
val Loss: 0.4256 Acc: 0.9070

Epoch 124/349
----------
train Loss: 0.0092 Acc: 0.9978
val Loss: 0.4249 Acc: 0.9077

Epoch 125/349
----------
train Loss: 0.0095 Acc: 0.9976
val Loss: 0.4277 Acc: 0.9077

Epoch 126/349
----------
train Loss: 0.0087 Acc: 0.9979
val Loss: 0.4257 Acc: 0.9067

Epoch 127/349
----------
train Loss: 0.0093 Acc: 0.9977
val Loss: 0.4248 Acc: 0.9072

Epoch 128/349
----------
train Loss: 0.0088 Acc: 0.9978
val Loss: 0.4291 Acc: 0.9072

Epoch 129/349
----------
train Loss: 0.0080 Acc: 0.9983
val Loss: 0.4319 Acc: 0.9076

Epoch 130/349
----------
train Loss: 0.0080 Acc: 0.9982
val Loss: 0.4302 Acc: 0.9071
Best Accuracy Last Updated On Epoch: 117

Epoch 131/349
----------
train Loss: 0.0077 Acc: 0.9982
val Loss: 0.4363 Acc: 0.9076

Epoch 132/349
----------
train Loss: 0.0076 Acc: 0.9983
val Loss: 0.4388 Acc: 0.9060

Epoch 133/349
----------
train Loss: 0.0074 Acc: 0.9983
val Loss: 0.4413 Acc: 0.9072

Epoch 134/349
----------
train Loss: 0.0076 Acc: 0.9983
val Loss: 0.4415 Acc: 0.9068

Epoch 135/349
----------
train Loss: 0.0069 Acc: 0.9985
val Loss: 0.4405 Acc: 0.9078

Epoch 136/349
----------
train Loss: 0.0071 Acc: 0.9985
val Loss: 0.4412 Acc: 0.9076

Epoch 137/349
----------
train Loss: 0.0066 Acc: 0.9989
val Loss: 0.4425 Acc: 0.9076

Epoch 138/349
----------
train Loss: 0.0070 Acc: 0.9984
val Loss: 0.4403 Acc: 0.9068

Epoch 139/349
----------
train Loss: 0.0066 Acc: 0.9987
val Loss: 0.4449 Acc: 0.9071

Epoch 140/349
----------
train Loss: 0.0062 Acc: 0.9988
val Loss: 0.4454 Acc: 0.9070
Best Accuracy Last Updated On Epoch: 117

Epoch 141/349
----------
train Loss: 0.0062 Acc: 0.9986
val Loss: 0.4447 Acc: 0.9072

Epoch 142/349
----------
train Loss: 0.0068 Acc: 0.9983
val Loss: 0.4508 Acc: 0.9075

Epoch 143/349
----------
train Loss: 0.0067 Acc: 0.9984
val Loss: 0.4499 Acc: 0.9088
best acc: 0.9088

Epoch 144/349
----------
train Loss: 0.0055 Acc: 0.9990
val Loss: 0.4494 Acc: 0.9084

Epoch 145/349
----------
train Loss: 0.0059 Acc: 0.9989
val Loss: 0.4514 Acc: 0.9077

Epoch 146/349
----------
train Loss: 0.0058 Acc: 0.9987
val Loss: 0.4525 Acc: 0.9078

Epoch 147/349
----------
train Loss: 0.0060 Acc: 0.9988
val Loss: 0.4573 Acc: 0.9077

Epoch 148/349
----------
train Loss: 0.0060 Acc: 0.9987
val Loss: 0.4608 Acc: 0.9075

Epoch 149/349
----------
train Loss: 0.0060 Acc: 0.9984
val Loss: 0.4627 Acc: 0.9055

Epoch 150/349
----------
train Loss: 0.0053 Acc: 0.9989
val Loss: 0.4602 Acc: 0.9053
Best Accuracy Last Updated On Epoch: 143

Epoch 151/349
----------
train Loss: 0.0053 Acc: 0.9988
val Loss: 0.4584 Acc: 0.9066

Epoch 152/349
----------
train Loss: 0.0054 Acc: 0.9990
val Loss: 0.4567 Acc: 0.9056

Epoch 153/349
----------
train Loss: 0.0046 Acc: 0.9992
val Loss: 0.4577 Acc: 0.9061

Epoch 154/349
----------
train Loss: 0.0052 Acc: 0.9989
val Loss: 0.4572 Acc: 0.9064

Epoch 155/349
----------
train Loss: 0.0050 Acc: 0.9992
val Loss: 0.4571 Acc: 0.9069

Epoch 156/349
----------
train Loss: 0.0051 Acc: 0.9990
val Loss: 0.4585 Acc: 0.9059

Epoch 157/349
----------
train Loss: 0.0054 Acc: 0.9989
val Loss: 0.4569 Acc: 0.9084

Epoch 158/349
----------
train Loss: 0.0049 Acc: 0.9991
val Loss: 0.4572 Acc: 0.9070

Epoch 159/349
----------
train Loss: 0.0051 Acc: 0.9992
val Loss: 0.4561 Acc: 0.9072

Epoch 160/349
----------
train Loss: 0.0052 Acc: 0.9991
val Loss: 0.4560 Acc: 0.9083
Best Accuracy Last Updated On Epoch: 143

Epoch 161/349
----------
train Loss: 0.0047 Acc: 0.9992
val Loss: 0.4566 Acc: 0.9086

Epoch 162/349
----------
train Loss: 0.0049 Acc: 0.9990
val Loss: 0.4556 Acc: 0.9088

Epoch 163/349
----------
train Loss: 0.0049 Acc: 0.9992
val Loss: 0.4551 Acc: 0.9083

Epoch 164/349
----------
train Loss: 0.0047 Acc: 0.9991
val Loss: 0.4551 Acc: 0.9085

Epoch 165/349
----------
train Loss: 0.0052 Acc: 0.9987
val Loss: 0.4549 Acc: 0.9089
best acc: 0.9089

Epoch 166/349
----------
train Loss: 0.0048 Acc: 0.9992
val Loss: 0.4557 Acc: 0.9081

Epoch 167/349
----------
train Loss: 0.0045 Acc: 0.9991
val Loss: 0.4564 Acc: 0.9086

Epoch 168/349
----------
train Loss: 0.0046 Acc: 0.9991
val Loss: 0.4571 Acc: 0.9084

Epoch 169/349
----------
train Loss: 0.0045 Acc: 0.9991
val Loss: 0.4567 Acc: 0.9078

Epoch 170/349
----------
train Loss: 0.0044 Acc: 0.9992
val Loss: 0.4565 Acc: 0.9084
Best Accuracy Last Updated On Epoch: 165

Epoch 171/349
----------
train Loss: 0.0043 Acc: 0.9993
val Loss: 0.4569 Acc: 0.9089

Epoch 172/349
----------
train Loss: 0.0044 Acc: 0.9992
val Loss: 0.4571 Acc: 0.9090
best acc: 0.9090

Epoch 173/349
----------
train Loss: 0.0050 Acc: 0.9989
val Loss: 0.4589 Acc: 0.9079

Epoch 174/349
----------
train Loss: 0.0046 Acc: 0.9993
val Loss: 0.4556 Acc: 0.9084

Epoch 175/349
----------
train Loss: 0.0047 Acc: 0.9991
val Loss: 0.4576 Acc: 0.9080

Epoch 176/349
----------
train Loss: 0.0049 Acc: 0.9990
val Loss: 0.4572 Acc: 0.9084

Epoch 177/349
----------
train Loss: 0.0051 Acc: 0.9988
val Loss: 0.4569 Acc: 0.9087

Epoch 178/349
----------
train Loss: 0.0047 Acc: 0.9991
val Loss: 0.4568 Acc: 0.9092
best acc: 0.9092

Epoch 179/349
----------
train Loss: 0.0044 Acc: 0.9993
val Loss: 0.4579 Acc: 0.9087

Epoch 180/349
----------
train Loss: 0.0046 Acc: 0.9991
val Loss: 0.4564 Acc: 0.9088
Best Accuracy Last Updated On Epoch: 178

Epoch 181/349
----------
train Loss: 0.0045 Acc: 0.9992
val Loss: 0.4558 Acc: 0.9089

Epoch 182/349
----------
train Loss: 0.0045 Acc: 0.9992
val Loss: 0.4567 Acc: 0.9079

Epoch 183/349
----------
train Loss: 0.0044 Acc: 0.9990
val Loss: 0.4576 Acc: 0.9079

Epoch 184/349
----------
train Loss: 0.0046 Acc: 0.9991
val Loss: 0.4562 Acc: 0.9089

Epoch 185/349
----------
train Loss: 0.0041 Acc: 0.9994
val Loss: 0.4568 Acc: 0.9089

Epoch 186/349
----------
train Loss: 0.0043 Acc: 0.9993
val Loss: 0.4559 Acc: 0.9085

Epoch 187/349
----------
train Loss: 0.0046 Acc: 0.9992
val Loss: 0.4571 Acc: 0.9085

Epoch 188/349
----------
train Loss: 0.0043 Acc: 0.9993
val Loss: 0.4576 Acc: 0.9090

Epoch 189/349
----------
train Loss: 0.0044 Acc: 0.9992
val Loss: 0.4566 Acc: 0.9087

Epoch 190/349
----------
train Loss: 0.0044 Acc: 0.9993
val Loss: 0.4586 Acc: 0.9084
Best Accuracy Last Updated On Epoch: 178

Epoch 191/349
----------
train Loss: 0.0044 Acc: 0.9992
val Loss: 0.4568 Acc: 0.9088

Epoch 192/349
----------
train Loss: 0.0049 Acc: 0.9989
val Loss: 0.4574 Acc: 0.9084

Epoch 193/349
----------
train Loss: 0.0044 Acc: 0.9992
val Loss: 0.4586 Acc: 0.9079

Epoch 194/349
----------
train Loss: 0.0045 Acc: 0.9991
val Loss: 0.4570 Acc: 0.9092

Epoch 195/349
----------
train Loss: 0.0044 Acc: 0.9992
val Loss: 0.4579 Acc: 0.9086

Epoch 196/349
----------
train Loss: 0.0042 Acc: 0.9994
val Loss: 0.4562 Acc: 0.9086

Epoch 197/349
----------
train Loss: 0.0044 Acc: 0.9993
val Loss: 0.4584 Acc: 0.9088

Epoch 198/349
----------
train Loss: 0.0046 Acc: 0.9990
val Loss: 0.4590 Acc: 0.9072

Epoch 199/349
----------
train Loss: 0.0047 Acc: 0.9990
val Loss: 0.4589 Acc: 0.9073

Epoch 200/349
----------
train Loss: 0.0043 Acc: 0.9993
val Loss: 0.4575 Acc: 0.9079
Best Accuracy Last Updated On Epoch: 178

Epoch 201/349
----------
train Loss: 0.0042 Acc: 0.9993
val Loss: 0.4565 Acc: 0.9088

Epoch 202/349
----------
train Loss: 0.0048 Acc: 0.9990
val Loss: 0.4583 Acc: 0.9087

Epoch 203/349
----------
train Loss: 0.0044 Acc: 0.9993
val Loss: 0.4575 Acc: 0.9080

Epoch 204/349
----------
train Loss: 0.0041 Acc: 0.9993
val Loss: 0.4587 Acc: 0.9079

Epoch 205/349
----------
train Loss: 0.0042 Acc: 0.9993
val Loss: 0.4585 Acc: 0.9084

Epoch 206/349
----------
train Loss: 0.0044 Acc: 0.9993
val Loss: 0.4587 Acc: 0.9087

Epoch 207/349
----------
train Loss: 0.0044 Acc: 0.9993
val Loss: 0.4586 Acc: 0.9076

Epoch 208/349
----------
train Loss: 0.0047 Acc: 0.9991
val Loss: 0.4579 Acc: 0.9091

Epoch 209/349
----------
train Loss: 0.0048 Acc: 0.9990
val Loss: 0.4575 Acc: 0.9093
best acc: 0.9093

Epoch 210/349
----------
train Loss: 0.0040 Acc: 0.9995
val Loss: 0.4585 Acc: 0.9086
Best Accuracy Last Updated On Epoch: 209

Epoch 211/349
----------
train Loss: 0.0043 Acc: 0.9992
val Loss: 0.4590 Acc: 0.9078

Epoch 212/349
----------
train Loss: 0.0043 Acc: 0.9993
val Loss: 0.4573 Acc: 0.9089

Epoch 213/349
----------
train Loss: 0.0044 Acc: 0.9993
val Loss: 0.4576 Acc: 0.9084

Epoch 214/349
----------
train Loss: 0.0043 Acc: 0.9992
val Loss: 0.4564 Acc: 0.9086

Epoch 215/349
----------
train Loss: 0.0040 Acc: 0.9994
val Loss: 0.4567 Acc: 0.9091

Epoch 216/349
----------
train Loss: 0.0050 Acc: 0.9991
val Loss: 0.4572 Acc: 0.9089

Epoch 217/349
----------
train Loss: 0.0044 Acc: 0.9991
val Loss: 0.4582 Acc: 0.9092

Epoch 218/349
----------
train Loss: 0.0043 Acc: 0.9992
val Loss: 0.4561 Acc: 0.9085

Epoch 219/349
----------
train Loss: 0.0044 Acc: 0.9992
val Loss: 0.4584 Acc: 0.9097
best acc: 0.9097

Epoch 220/349
----------
train Loss: 0.0044 Acc: 0.9992
val Loss: 0.4577 Acc: 0.9086
Best Accuracy Last Updated On Epoch: 219

Epoch 221/349
----------
train Loss: 0.0043 Acc: 0.9992
val Loss: 0.4585 Acc: 0.9081

Epoch 222/349
----------
train Loss: 0.0043 Acc: 0.9992
val Loss: 0.4583 Acc: 0.9082

Epoch 223/349
----------
train Loss: 0.0042 Acc: 0.9993
val Loss: 0.4582 Acc: 0.9084

Epoch 224/349
----------
train Loss: 0.0045 Acc: 0.9991
val Loss: 0.4594 Acc: 0.9082

Epoch 225/349
----------
train Loss: 0.0046 Acc: 0.9992
val Loss: 0.4582 Acc: 0.9089

Epoch 226/349
----------
train Loss: 0.0043 Acc: 0.9993
val Loss: 0.4586 Acc: 0.9089

Epoch 227/349
----------
train Loss: 0.0042 Acc: 0.9992
val Loss: 0.4577 Acc: 0.9084

Epoch 228/349
----------
train Loss: 0.0043 Acc: 0.9990
val Loss: 0.4575 Acc: 0.9082

Epoch 229/349
----------
train Loss: 0.0048 Acc: 0.9991
val Loss: 0.4588 Acc: 0.9089

Epoch 230/349
----------
train Loss: 0.0042 Acc: 0.9993
val Loss: 0.4584 Acc: 0.9087
Best Accuracy Last Updated On Epoch: 219

Epoch 231/349
----------
train Loss: 0.0044 Acc: 0.9991
val Loss: 0.4580 Acc: 0.9087

Epoch 232/349
----------
train Loss: 0.0043 Acc: 0.9992
val Loss: 0.4585 Acc: 0.9087

Epoch 233/349
----------
train Loss: 0.0041 Acc: 0.9993
val Loss: 0.4574 Acc: 0.9081

Epoch 234/349
----------
train Loss: 0.0043 Acc: 0.9993
val Loss: 0.4585 Acc: 0.9090

Epoch 235/349
----------
train Loss: 0.0045 Acc: 0.9993
val Loss: 0.4588 Acc: 0.9088

Epoch 236/349
----------
train Loss: 0.0045 Acc: 0.9990
val Loss: 0.4591 Acc: 0.9081

Epoch 237/349
----------
train Loss: 0.0041 Acc: 0.9993
val Loss: 0.4577 Acc: 0.9094

Epoch 238/349
----------
train Loss: 0.0040 Acc: 0.9994
val Loss: 0.4583 Acc: 0.9093

Epoch 239/349
----------
train Loss: 0.0045 Acc: 0.9992
val Loss: 0.4588 Acc: 0.9083

Epoch 240/349
----------
train Loss: 0.0042 Acc: 0.9992
val Loss: 0.4575 Acc: 0.9086
Best Accuracy Last Updated On Epoch: 219

Epoch 241/349
----------
train Loss: 0.0044 Acc: 0.9994
val Loss: 0.4591 Acc: 0.9095

Epoch 242/349
----------
train Loss: 0.0043 Acc: 0.9992
val Loss: 0.4593 Acc: 0.9092

Epoch 243/349
----------
train Loss: 0.0042 Acc: 0.9992
val Loss: 0.4590 Acc: 0.9090

Epoch 244/349
----------
train Loss: 0.0042 Acc: 0.9993
val Loss: 0.4584 Acc: 0.9093

Epoch 245/349
----------
train Loss: 0.0045 Acc: 0.9992
val Loss: 0.4579 Acc: 0.9088

Epoch 246/349
----------
train Loss: 0.0042 Acc: 0.9991
val Loss: 0.4573 Acc: 0.9099
best acc: 0.9099

Epoch 247/349
----------
train Loss: 0.0045 Acc: 0.9993
val Loss: 0.4571 Acc: 0.9093

Epoch 248/349
----------
train Loss: 0.0042 Acc: 0.9994
val Loss: 0.4578 Acc: 0.9075

Epoch 249/349
----------
train Loss: 0.0043 Acc: 0.9993
val Loss: 0.4577 Acc: 0.9081

Epoch 250/349
----------
train Loss: 0.0041 Acc: 0.9993
val Loss: 0.4583 Acc: 0.9081
Best Accuracy Last Updated On Epoch: 246

Epoch 251/349
----------
train Loss: 0.0041 Acc: 0.9994
val Loss: 0.4572 Acc: 0.9086

Epoch 252/349
----------
train Loss: 0.0041 Acc: 0.9994
val Loss: 0.4559 Acc: 0.9096

Epoch 253/349
----------
train Loss: 0.0042 Acc: 0.9993
val Loss: 0.4574 Acc: 0.9088

Epoch 254/349
----------
train Loss: 0.0041 Acc: 0.9994
val Loss: 0.4586 Acc: 0.9083

Epoch 255/349
----------
train Loss: 0.0042 Acc: 0.9993
val Loss: 0.4575 Acc: 0.9090

Epoch 256/349
----------
train Loss: 0.0043 Acc: 0.9991
val Loss: 0.4579 Acc: 0.9079

Epoch 257/349
----------
train Loss: 0.0041 Acc: 0.9994
val Loss: 0.4580 Acc: 0.9082

Epoch 258/349
----------
train Loss: 0.0044 Acc: 0.9992
val Loss: 0.4597 Acc: 0.9092

Epoch 259/349
----------
train Loss: 0.0044 Acc: 0.9991
val Loss: 0.4574 Acc: 0.9089

Epoch 260/349
----------
train Loss: 0.0041 Acc: 0.9994
val Loss: 0.4577 Acc: 0.9086
Best Accuracy Last Updated On Epoch: 246

Epoch 261/349
----------
train Loss: 0.0043 Acc: 0.9993
val Loss: 0.4592 Acc: 0.9075

Epoch 262/349
----------
train Loss: 0.0041 Acc: 0.9994
val Loss: 0.4581 Acc: 0.9087

Epoch 263/349
----------
train Loss: 0.0045 Acc: 0.9993
val Loss: 0.4582 Acc: 0.9079

Epoch 264/349
----------
train Loss: 0.0045 Acc: 0.9992
val Loss: 0.4568 Acc: 0.9094

Epoch 265/349
----------
train Loss: 0.0044 Acc: 0.9992
val Loss: 0.4578 Acc: 0.9091

Epoch 266/349
----------
train Loss: 0.0043 Acc: 0.9992
val Loss: 0.4590 Acc: 0.9088

Epoch 267/349
----------
train Loss: 0.0044 Acc: 0.9991
val Loss: 0.4551 Acc: 0.9093

Epoch 268/349
----------
train Loss: 0.0042 Acc: 0.9993
val Loss: 0.4579 Acc: 0.9088

Epoch 269/349
----------
train Loss: 0.0044 Acc: 0.9993
val Loss: 0.4562 Acc: 0.9092

Epoch 270/349
----------
train Loss: 0.0043 Acc: 0.9992
val Loss: 0.4582 Acc: 0.9095
Best Accuracy Last Updated On Epoch: 246

Epoch 271/349
----------
train Loss: 0.0039 Acc: 0.9995
val Loss: 0.4587 Acc: 0.9092

Epoch 272/349
----------
train Loss: 0.0042 Acc: 0.9992
val Loss: 0.4583 Acc: 0.9082

Epoch 273/349
----------
train Loss: 0.0045 Acc: 0.9991
val Loss: 0.4589 Acc: 0.9078

Epoch 274/349
----------
train Loss: 0.0041 Acc: 0.9993
val Loss: 0.4591 Acc: 0.9092

Epoch 275/349
----------
train Loss: 0.0042 Acc: 0.9991
val Loss: 0.4595 Acc: 0.9087

Epoch 276/349
----------
train Loss: 0.0041 Acc: 0.9993
val Loss: 0.4592 Acc: 0.9086

Epoch 277/349
----------
train Loss: 0.0041 Acc: 0.9994
val Loss: 0.4590 Acc: 0.9091

Epoch 278/349
----------
train Loss: 0.0036 Acc: 0.9995
val Loss: 0.4585 Acc: 0.9091

Epoch 279/349
----------
train Loss: 0.0043 Acc: 0.9994
val Loss: 0.4621 Acc: 0.9073

Epoch 280/349
----------
train Loss: 0.0042 Acc: 0.9993
val Loss: 0.4581 Acc: 0.9087
Best Accuracy Last Updated On Epoch: 246

Epoch 281/349
----------
train Loss: 0.0045 Acc: 0.9993
val Loss: 0.4596 Acc: 0.9097

Epoch 282/349
----------
train Loss: 0.0041 Acc: 0.9993
val Loss: 0.4581 Acc: 0.9077

Epoch 283/349
----------
train Loss: 0.0046 Acc: 0.9992
val Loss: 0.4606 Acc: 0.9082

Epoch 284/349
----------
train Loss: 0.0041 Acc: 0.9994
val Loss: 0.4578 Acc: 0.9092

Epoch 285/349
----------
train Loss: 0.0040 Acc: 0.9993
val Loss: 0.4593 Acc: 0.9090

Epoch 286/349
----------
train Loss: 0.0045 Acc: 0.9991
val Loss: 0.4586 Acc: 0.9094

Epoch 287/349
----------
train Loss: 0.0044 Acc: 0.9991
val Loss: 0.4591 Acc: 0.9091

Epoch 288/349
----------
train Loss: 0.0043 Acc: 0.9992
val Loss: 0.4595 Acc: 0.9088

Epoch 289/349
----------
train Loss: 0.0045 Acc: 0.9991
val Loss: 0.4577 Acc: 0.9087

Epoch 290/349
----------
train Loss: 0.0042 Acc: 0.9993
val Loss: 0.4591 Acc: 0.9085
Best Accuracy Last Updated On Epoch: 246

Epoch 291/349
----------
train Loss: 0.0038 Acc: 0.9995
val Loss: 0.4595 Acc: 0.9090

Epoch 292/349
----------
train Loss: 0.0041 Acc: 0.9993
val Loss: 0.4580 Acc: 0.9089

Epoch 293/349
----------
train Loss: 0.0040 Acc: 0.9993
val Loss: 0.4581 Acc: 0.9087

Epoch 294/349
----------
train Loss: 0.0050 Acc: 0.9989
val Loss: 0.4593 Acc: 0.9093

Epoch 295/349
----------
train Loss: 0.0041 Acc: 0.9994
val Loss: 0.4579 Acc: 0.9093

Epoch 296/349
----------
train Loss: 0.0042 Acc: 0.9992
val Loss: 0.4589 Acc: 0.9088

Epoch 297/349
----------
train Loss: 0.0041 Acc: 0.9994
val Loss: 0.4596 Acc: 0.9088

Epoch 298/349
----------
train Loss: 0.0042 Acc: 0.9993
val Loss: 0.4598 Acc: 0.9087

Epoch 299/349
----------
train Loss: 0.0041 Acc: 0.9993
val Loss: 0.4575 Acc: 0.9086

Epoch 300/349
----------
train Loss: 0.0042 Acc: 0.9993
val Loss: 0.4576 Acc: 0.9089
Best Accuracy Last Updated On Epoch: 246

Epoch 301/349
----------
train Loss: 0.0042 Acc: 0.9993
val Loss: 0.4586 Acc: 0.9081

Epoch 302/349
----------
train Loss: 0.0041 Acc: 0.9994
val Loss: 0.4584 Acc: 0.9093

Epoch 303/349
----------
train Loss: 0.0040 Acc: 0.9993
val Loss: 0.4590 Acc: 0.9096

Epoch 304/349
----------
train Loss: 0.0041 Acc: 0.9991
val Loss: 0.4593 Acc: 0.9089

Epoch 305/349
----------
train Loss: 0.0044 Acc: 0.9994
val Loss: 0.4582 Acc: 0.9092

Epoch 306/349
----------
train Loss: 0.0043 Acc: 0.9993
val Loss: 0.4587 Acc: 0.9089

Epoch 307/349
----------
train Loss: 0.0043 Acc: 0.9994
val Loss: 0.4597 Acc: 0.9091

Epoch 308/349
----------
train Loss: 0.0046 Acc: 0.9990
val Loss: 0.4583 Acc: 0.9088

Epoch 309/349
----------
train Loss: 0.0041 Acc: 0.9993
val Loss: 0.4589 Acc: 0.9094

Epoch 310/349
----------
train Loss: 0.0042 Acc: 0.9993
val Loss: 0.4585 Acc: 0.9094
Best Accuracy Last Updated On Epoch: 246

Epoch 311/349
----------
train Loss: 0.0044 Acc: 0.9993
val Loss: 0.4596 Acc: 0.9089

Epoch 312/349
----------
train Loss: 0.0043 Acc: 0.9992
val Loss: 0.4602 Acc: 0.9084

Epoch 313/349
----------
train Loss: 0.0045 Acc: 0.9992
val Loss: 0.4595 Acc: 0.9092

Epoch 314/349
----------
train Loss: 0.0040 Acc: 0.9993
val Loss: 0.4582 Acc: 0.9096

Epoch 315/349
----------
train Loss: 0.0041 Acc: 0.9993
val Loss: 0.4598 Acc: 0.9094

Epoch 316/349
----------
train Loss: 0.0044 Acc: 0.9992
val Loss: 0.4569 Acc: 0.9098

Epoch 317/349
----------
train Loss: 0.0046 Acc: 0.9991
val Loss: 0.4595 Acc: 0.9090

Epoch 318/349
----------
train Loss: 0.0042 Acc: 0.9992
val Loss: 0.4582 Acc: 0.9085

Epoch 319/349
----------
train Loss: 0.0041 Acc: 0.9994
val Loss: 0.4573 Acc: 0.9082

Epoch 320/349
----------
train Loss: 0.0041 Acc: 0.9993
val Loss: 0.4588 Acc: 0.9097
Best Accuracy Last Updated On Epoch: 246

Epoch 321/349
----------
train Loss: 0.0040 Acc: 0.9994
val Loss: 0.4588 Acc: 0.9096

Epoch 322/349
----------
train Loss: 0.0043 Acc: 0.9993
val Loss: 0.4598 Acc: 0.9094

Epoch 323/349
----------
train Loss: 0.0040 Acc: 0.9992
val Loss: 0.4583 Acc: 0.9090

Epoch 324/349
----------
train Loss: 0.0042 Acc: 0.9994
val Loss: 0.4576 Acc: 0.9090

Epoch 325/349
----------
train Loss: 0.0042 Acc: 0.9994
val Loss: 0.4581 Acc: 0.9092

Epoch 326/349
----------
train Loss: 0.0047 Acc: 0.9989
val Loss: 0.4598 Acc: 0.9095

Epoch 327/349
----------
train Loss: 0.0043 Acc: 0.9992
val Loss: 0.4590 Acc: 0.9089

Epoch 328/349
----------
train Loss: 0.0041 Acc: 0.9994
val Loss: 0.4583 Acc: 0.9097

Epoch 329/349
----------
train Loss: 0.0050 Acc: 0.9991
val Loss: 0.4592 Acc: 0.9093

Epoch 330/349
----------
train Loss: 0.0045 Acc: 0.9993
val Loss: 0.4596 Acc: 0.9088
Best Accuracy Last Updated On Epoch: 246

Epoch 331/349
----------
train Loss: 0.0043 Acc: 0.9993
val Loss: 0.4577 Acc: 0.9089

Epoch 332/349
----------
train Loss: 0.0041 Acc: 0.9993
val Loss: 0.4596 Acc: 0.9094

Epoch 333/349
----------
train Loss: 0.0047 Acc: 0.9992
val Loss: 0.4588 Acc: 0.9085

Epoch 334/349
----------
train Loss: 0.0041 Acc: 0.9993
val Loss: 0.4585 Acc: 0.9094

Epoch 335/349
----------
train Loss: 0.0043 Acc: 0.9992
val Loss: 0.4592 Acc: 0.9094

Epoch 336/349
----------
train Loss: 0.0041 Acc: 0.9994
val Loss: 0.4571 Acc: 0.9098

Epoch 337/349
----------
train Loss: 0.0045 Acc: 0.9990
val Loss: 0.4578 Acc: 0.9090

Epoch 338/349
----------
train Loss: 0.0042 Acc: 0.9993
val Loss: 0.4610 Acc: 0.9094

Epoch 339/349
----------
train Loss: 0.0045 Acc: 0.9992
val Loss: 0.4617 Acc: 0.9079

Epoch 340/349
----------
train Loss: 0.0044 Acc: 0.9992
val Loss: 0.4582 Acc: 0.9087
Best Accuracy Last Updated On Epoch: 246

Epoch 341/349
----------
train Loss: 0.0046 Acc: 0.9992
val Loss: 0.4578 Acc: 0.9089

Epoch 342/349
----------
train Loss: 0.0039 Acc: 0.9994
val Loss: 0.4575 Acc: 0.9093

Epoch 343/349
----------
train Loss: 0.0042 Acc: 0.9991
val Loss: 0.4590 Acc: 0.9090

Epoch 344/349
----------
train Loss: 0.0039 Acc: 0.9996
val Loss: 0.4582 Acc: 0.9088

Epoch 345/349
----------
train Loss: 0.0042 Acc: 0.9993
val Loss: 0.4581 Acc: 0.9084

Epoch 346/349
----------
train Loss: 0.0044 Acc: 0.9992
val Loss: 0.4577 Acc: 0.9087

Epoch 347/349
----------
train Loss: 0.0042 Acc: 0.9993
val Loss: 0.4596 Acc: 0.9088
Terminating training because accuracy has not improved in 100 epochs
Training complete in 75m 28s
Best val Acc: 0.909900
The TTA is: 75m 26s or a total of 4526.120317220688 seconds
	 TTA was reached in epoch None
